2014-06-27T17:50:03+00:00 INFO (6): status
2014-06-27T17:50:03+00:00 INFO (6): user
2014-06-27T17:50:03+00:00 INFO (6): user
2014-06-27T17:51:12+00:00 INFO (6): book_download
2014-06-27T17:51:12+00:00 INFO (6): user
2014-06-27T17:51:12+00:00 INFO (6): library_book
2014-06-27T17:55:23+00:00 INFO (6): book_download
2014-06-27T17:55:23+00:00 INFO (6): user
2014-06-27T17:55:23+00:00 INFO (6): library_book
2014-06-27T17:56:32+00:00 INFO (6): book_download
2014-06-27T17:56:32+00:00 INFO (6): user
2014-06-27T17:56:32+00:00 INFO (6): library_book
2014-06-27T17:56:35+00:00 INFO (6): book_download
2014-06-27T17:56:35+00:00 INFO (6): user
2014-06-27T17:56:35+00:00 INFO (6): library_book
2014-06-27T17:56:53+00:00 INFO (6): status
2014-06-27T17:56:53+00:00 INFO (6): user
2014-06-27T17:56:53+00:00 INFO (6): user
2014-06-27T17:57:11+00:00 INFO (6): post_self
2014-06-27T17:57:11+00:00 INFO (6): user
2014-06-27T17:57:11+00:00 INFO (6): user
