2014-05-10T10:15:06+00:00 DEBUG (7): [Zend] ngocvinhxt@gmail.com <- email@domain.com
2014-05-10T10:15:06+00:00 DEBUG (7): [System] (notify_commented) ngocvinhxt@gmail.com <- email@domain.com
2014-05-10T10:15:06+00:00 DEBUG (7): [Zend] ngocvinhxt@gmail.com <- email@domain.com
2014-05-10T10:15:06+00:00 DEBUG (7): [System] (notify_commented) ngocvinhxt@gmail.com <- email@domain.com
2014-05-10T11:09:01+00:00 DEBUG (7): [Zend] ngocvinhxt@gmail.com <- email@domain.com
2014-05-10T11:09:01+00:00 DEBUG (7): [System] (notify_commented) ngocvinhxt@gmail.com <- email@domain.com
2014-05-11T10:58:59+00:00 DEBUG (7): [Zend] bangvn.dng7@gmail.com <- email@domain.com
2014-05-11T10:58:59+00:00 DEBUG (7): [System] (core_welcome) bangvn.dng7@gmail.com <- email@domain.com
2014-05-11T13:37:29+00:00 DEBUG (7): [Zend] bangvn.dng8@gmail.com <- email@domain.com
2014-05-11T13:37:29+00:00 DEBUG (7): [System] (core_welcome) bangvn.dng8@gmail.com <- email@domain.com
2014-05-17T02:43:35+00:00 DEBUG (7): [Zend] lengocthao91@yahoo.com <- email@domain.com
2014-05-17T02:43:35+00:00 DEBUG (7): [System] (notify_liked) lengocthao91@yahoo.com <- email@domain.com
2014-05-17T02:43:35+00:00 DEBUG (7): [Zend] trangnguyenhpvn@yahoo.com <- email@domain.com
2014-05-17T02:43:35+00:00 DEBUG (7): [System] (notify_liked) trangnguyenhpvn@yahoo.com <- email@domain.com
2014-05-17T02:43:35+00:00 DEBUG (7): [Zend] lengocthao91@yahoo.com <- email@domain.com
2014-05-17T02:43:35+00:00 DEBUG (7): [System] (notify_liked) lengocthao91@yahoo.com <- email@domain.com
2014-05-17T02:43:35+00:00 DEBUG (7): [Zend] huynhnv88@gmail.com <- email@domain.com
2014-05-17T02:43:35+00:00 DEBUG (7): [System] (notify_liked) huynhnv88@gmail.com <- email@domain.com
2014-05-17T02:43:35+00:00 DEBUG (7): [Zend] lengocthao91@yahoo.com <- email@domain.com
2014-05-17T02:43:35+00:00 DEBUG (7): [System] (notify_liked) lengocthao91@yahoo.com <- email@domain.com
2014-05-17T02:43:35+00:00 DEBUG (7): [Zend] hoa.ngo@hospitality.vn <- email@domain.com
2014-05-17T02:43:35+00:00 DEBUG (7): [System] (notify_liked) hoa.ngo@hospitality.vn <- email@domain.com
2014-05-17T02:43:35+00:00 DEBUG (7): [Zend] huyvu223@gmail.com <- email@domain.com
2014-05-17T02:43:35+00:00 DEBUG (7): [System] (notify_liked) huyvu223@gmail.com <- email@domain.com
2014-05-17T07:09:36+00:00 DEBUG (7): [Zend] thanhnhi.t2@gmail.com <- email@domain.com
2014-05-17T07:09:36+00:00 DEBUG (7): [System] (notify_liked) thanhnhi.t2@gmail.com <- email@domain.com
2014-05-17T07:09:36+00:00 DEBUG (7): [Zend] nganthao90@gmail.com <- email@domain.com
2014-05-17T07:09:36+00:00 DEBUG (7): [System] (notify_liked) nganthao90@gmail.com <- email@domain.com
2014-05-17T07:09:36+00:00 DEBUG (7): [Zend] Hongnudl@gmail.com <- email@domain.com
2014-05-17T07:09:36+00:00 DEBUG (7): [System] (notify_commented) Hongnudl@gmail.com <- email@domain.com
2014-05-17T07:09:36+00:00 DEBUG (7): [Zend] Hongnudl@gmail.com <- email@domain.com
2014-05-17T07:09:36+00:00 DEBUG (7): [System] (notify_commented) Hongnudl@gmail.com <- email@domain.com
2014-05-17T07:09:36+00:00 DEBUG (7): [Zend] ngocvinhxt@gmail.com <- email@domain.com
2014-05-17T07:09:36+00:00 DEBUG (7): [System] (notify_liked) ngocvinhxt@gmail.com <- email@domain.com
2014-05-18T08:38:06+00:00 DEBUG (7): [Zend] huynhnv88@gmail.com <- email@domain.com
2014-05-18T08:38:06+00:00 DEBUG (7): [System] (notify_commented) huynhnv88@gmail.com <- email@domain.com
2014-05-18T12:51:00+00:00 DEBUG (7): [Zend] ngocvinhxt@gmail.com <- email@domain.com
2014-05-18T12:51:00+00:00 DEBUG (7): [System] (notify_liked) ngocvinhxt@gmail.com <- email@domain.com
2014-05-19T16:31:18+00:00 DEBUG (7): [Zend] hoangbok@gmail.com <- support@hospitality.vn
2014-05-19T16:31:18+00:00 DEBUG (7): [System] (notify_friend_request) hoangbok@gmail.com <- support@hospitality.vn
2014-05-19T16:31:18+00:00 DEBUG (7): [Zend] bangvn.dng@gmail.com <- support@hospitality.vn
2014-05-19T16:31:18+00:00 DEBUG (7): [System] (notify_liked) bangvn.dng@gmail.com <- support@hospitality.vn
2014-05-19T16:31:18+00:00 DEBUG (7): [Zend] bangvn.dng@gmail.com <- support@hospitality.vn
2014-05-19T16:31:18+00:00 DEBUG (7): [System] (notify_commented) bangvn.dng@gmail.com <- support@hospitality.vn
2014-05-22T18:45:10+00:00 DEBUG (7): [Zend] bangvn.dng29@gmail.com <- support@hospitality.vn
2014-05-22T18:45:10+00:00 DEBUG (7): [System] (core_welcome) bangvn.dng29@gmail.com <- support@hospitality.vn
