2014-05-07T11:11:35+00:00 CRIT (2): exception 'Zend_Db_Statement_Mysqli_Exception' with message 'Mysqli statement execute error : No data supplied for parameters in prepared statement' in /Applications/XAMPP/xamppfiles/htdocs/hospitality/newhospitality/application/libraries/Zend/Db/Statement/Mysqli.php:214
Stack trace:
#0 /Applications/XAMPP/xamppfiles/htdocs/hospitality/newhospitality/application/libraries/Zend/Db/Statement.php(317): Zend_Db_Statement_Mysqli->_execute(Array)
#1 /Applications/XAMPP/xamppfiles/htdocs/hospitality/newhospitality/application/libraries/Zend/Db/Adapter/Abstract.php(468): Zend_Db_Statement->execute(Array)
#2 /Applications/XAMPP/xamppfiles/htdocs/hospitality/newhospitality/application/libraries/Zend/Db/Table/Abstract.php(1509): Zend_Db_Adapter_Abstract->query(Object(Zend_Db_Table_Select))
#3 /Applications/XAMPP/xamppfiles/htdocs/hospitality/newhospitality/application/libraries/Zend/Db/Table/Abstract.php(1371): Zend_Db_Table_Abstract->_fetch(Object(Zend_Db_Table_Select))
#4 /Applications/XAMPP/xamppfiles/htdocs/hospitality/newhospitality/application/modules/Resumes/Api/Core.php(19): Zend_Db_Table_Abstract->fetchRow(Object(Zend_Db_Table_Select))
#5 /Applications/XAMPP/xamppfiles/htdocs/hospitality/newhospitality/application/modules/Resumes/widgets/check-list/Controller.php(36): Resumes_Api_Core->getResume(NULL)
#6 /Applications/XAMPP/xamppfiles/htdocs/hospitality/newhospitality/application/libraries/Engine/Content/Widget/Abstract.php(220): Resumes_Widget_CheckListController->indexAction()
#7 /Applications/XAMPP/xamppfiles/htdocs/hospitality/newhospitality/application/libraries/Engine/Content/Element/Widget.php(72): Engine_Content_Widget_Abstract->render(NULL)
#8 /Applications/XAMPP/xamppfiles/htdocs/hospitality/newhospitality/application/libraries/Engine/Content/Element/Abstract.php(582): Engine_Content_Element_Widget->_render()
#9 /Applications/XAMPP/xamppfiles/htdocs/hospitality/newhospitality/application/libraries/Engine/Content/Decorator/Children.php(30): Engine_Content_Element_Abstract->render()
#10 /Applications/XAMPP/xamppfiles/htdocs/hospitality/newhospitality/application/libraries/Engine/Content/Element/Abstract.php(593): Engine_Content_Decorator_Children->render('')
#11 /Applications/XAMPP/xamppfiles/htdocs/hospitality/newhospitality/application/libraries/Engine/Content/Decorator/Children.php(30): Engine_Content_Element_Abstract->render()
#12 /Applications/XAMPP/xamppfiles/htdocs/hospitality/newhospitality/application/libraries/Engine/Content/Element/Abstract.php(593): Engine_Content_Decorator_Children->render('')
#13 /Applications/XAMPP/xamppfiles/htdocs/hospitality/newhospitality/application/libraries/Engine/Content/Decorator/Children.php(30): Engine_Content_Element_Abstract->render()
#14 /Applications/XAMPP/xamppfiles/htdocs/hospitality/newhospitality/application/libraries/Engine/Content/Element/Abstract.php(593): Engine_Content_Decorator_Children->render('')
#15 /Applications/XAMPP/xamppfiles/htdocs/hospitality/newhospitality/application/libraries/Engine/Content.php(207): Engine_Content_Element_Abstract->render()
#16 /Applications/XAMPP/xamppfiles/htdocs/hospitality/newhospitality/application/libraries/Engine/Content/Controller/Action/Helper/Content.php(113): Engine_Content->render(41)
#17 /Applications/XAMPP/xamppfiles/htdocs/hospitality/newhospitality/application/libraries/Engine/Content/Controller/Action/Helper/Content.php(32): Engine_Content_Controller_Action_Helper_Content->render()
#18 /Applications/XAMPP/xamppfiles/htdocs/hospitality/newhospitality/application/libraries/Zend/Controller/Action/HelperBroker.php(277): Engine_Content_Controller_Action_Helper_Content->postDispatch()
#19 /Applications/XAMPP/xamppfiles/htdocs/hospitality/newhospitality/application/libraries/Zend/Controller/Action.php(523): Zend_Controller_Action_HelperBroker->notifyPostDispatch()
#20 /Applications/XAMPP/xamppfiles/htdocs/hospitality/newhospitality/application/libraries/Zend/Controller/Dispatcher/Standard.php(289): Zend_Controller_Action->dispatch('previewAction')
#21 /Applications/XAMPP/xamppfiles/htdocs/hospitality/newhospitality/application/libraries/Zend/Controller/Front.php(946): Zend_Controller_Dispatcher_Standard->dispatch(Object(Zend_Controller_Request_Http), Object(Zend_Controller_Response_Http))
#22 /Applications/XAMPP/xamppfiles/htdocs/hospitality/newhospitality/application/modules/Core/Bootstrap.php(74): Zend_Controller_Front->dispatch()
#23 /Applications/XAMPP/xamppfiles/htdocs/hospitality/newhospitality/application/libraries/Engine/Application.php(159): Core_Bootstrap->run()
#24 /Applications/XAMPP/xamppfiles/htdocs/hospitality/newhospitality/application/index.php(206): Engine_Application->run()
#25 /Applications/XAMPP/xamppfiles/htdocs/hospitality/newhospitality/index.php(24): include('/Applications/X...')
#26 {main}
2014-05-07T11:27:30+00:00 WARN (4): exception 'Core_Model_Exception' with message 'getSubject was given a type other than the set subject' in /Applications/XAMPP/xamppfiles/htdocs/hospitality/newhospitality/application/modules/Core/Api/Core.php:55
Stack trace:
#0 /Applications/XAMPP/xamppfiles/htdocs/hospitality/newhospitality/application/modules/Activity/View/Helper/ActivityLoop.php(33): Core_Api_Core->getSubject('group')
#1 [internal function]: Activity_View_Helper_ActivityLoop->activityLoop(Array, Array)
#2 /Applications/XAMPP/xamppfiles/htdocs/hospitality/newhospitality/application/libraries/Zend/View/Abstract.php(342): call_user_func_array(Array, Array)
#3 /Applications/XAMPP/xamppfiles/htdocs/hospitality/newhospitality/application/modules/Activity/widgets/feed/index.tpl(212): Zend_View_Abstract->__call('activityLoop', Array)
#4 /Applications/XAMPP/xamppfiles/htdocs/hospitality/newhospitality/application/modules/Activity/widgets/feed/index.tpl(212): Zend_View->activityLoop(Array, Array)
#5 /Applications/XAMPP/xamppfiles/htdocs/hospitality/newhospitality/application/libraries/Zend/View.php(108): include('/Applications/X...')
#6 /Applications/XAMPP/xamppfiles/htdocs/hospitality/newhospitality/application/libraries/Zend/View/Abstract.php(835): Zend_View->_run('/Applications/X...')
#7 /Applications/XAMPP/xamppfiles/htdocs/hospitality/newhospitality/application/libraries/Engine/Content/Widget/Abstract.php(255): Zend_View_Abstract->render('application/mod...')
#8 /Applications/XAMPP/xamppfiles/htdocs/hospitality/newhospitality/application/libraries/Engine/Content/Widget/Abstract.php(224): Engine_Content_Widget_Abstract->renderScript()
#9 /Applications/XAMPP/xamppfiles/htdocs/hospitality/newhospitality/application/libraries/Engine/Content/Element/Widget.php(72): Engine_Content_Widget_Abstract->render(NULL)
#10 /Applications/XAMPP/xamppfiles/htdocs/hospitality/newhospitality/application/libraries/Engine/Content/Element/Abstract.php(582): Engine_Content_Element_Widget->_render()
#11 /Applications/XAMPP/xamppfiles/htdocs/hospitality/newhospitality/application/libraries/Engine/Content/Decorator/Children.php(30): Engine_Content_Element_Abstract->render()
#12 /Applications/XAMPP/xamppfiles/htdocs/hospitality/newhospitality/application/libraries/Engine/Content/Element/Abstract.php(593): Engine_Content_Decorator_Children->render('')
#13 /Applications/XAMPP/xamppfiles/htdocs/hospitality/newhospitality/application/libraries/Engine/Content/Decorator/Children.php(30): Engine_Content_Element_Abstract->render()
#14 /Applications/XAMPP/xamppfiles/htdocs/hospitality/newhospitality/application/libraries/Engine/Content/Element/Abstract.php(593): Engine_Content_Decorator_Children->render('')
#15 /Applications/XAMPP/xamppfiles/htdocs/hospitality/newhospitality/application/libraries/Engine/Content/Decorator/Children.php(30): Engine_Content_Element_Abstract->render()
#16 /Applications/XAMPP/xamppfiles/htdocs/hospitality/newhospitality/application/libraries/Engine/Content/Element/Abstract.php(593): Engine_Content_Decorator_Children->render('')
#17 /Applications/XAMPP/xamppfiles/htdocs/hospitality/newhospitality/application/libraries/Engine/Content.php(207): Engine_Content_Element_Abstract->render()
#18 /Applications/XAMPP/xamppfiles/htdocs/hospitality/newhospitality/application/libraries/Engine/Content/Controller/Action/Helper/Content.php(113): Engine_Content->render('user_index_home')
#19 /Applications/XAMPP/xamppfiles/htdocs/hospitality/newhospitality/application/libraries/Engine/Content/Controller/Action/Helper/Content.php(32): Engine_Content_Controller_Action_Helper_Content->render()
#20 /Applications/XAMPP/xamppfiles/htdocs/hospitality/newhospitality/application/libraries/Zend/Controller/Action/HelperBroker.php(277): Engine_Content_Controller_Action_Helper_Content->postDispatch()
#21 /Applications/XAMPP/xamppfiles/htdocs/hospitality/newhospitality/application/libraries/Zend/Controller/Action.php(523): Zend_Controller_Action_HelperBroker->notifyPostDispatch()
#22 /Applications/XAMPP/xamppfiles/htdocs/hospitality/newhospitality/application/libraries/Zend/Controller/Dispatcher/Standard.php(289): Zend_Controller_Action->dispatch('homeAction')
#23 /Applications/XAMPP/xamppfiles/htdocs/hospitality/newhospitality/application/libraries/Zend/Controller/Front.php(946): Zend_Controller_Dispatcher_Standard->dispatch(Object(Zend_Controller_Request_Http), Object(Zend_Controller_Response_Http))
#24 /Applications/XAMPP/xamppfiles/htdocs/hospitality/newhospitality/application/modules/Core/Bootstrap.php(74): Zend_Controller_Front->dispatch()
#25 /Applications/XAMPP/xamppfiles/htdocs/hospitality/newhospitality/application/libraries/Engine/Application.php(159): Core_Bootstrap->run()
#26 /Applications/XAMPP/xamppfiles/htdocs/hospitality/newhospitality/application/index.php(206): Engine_Application->run()
#27 /Applications/XAMPP/xamppfiles/htdocs/hospitality/newhospitality/index.php(24): include('/Applications/X...')
#28 {main}
2014-05-07T11:28:19+00:00 WARN (4): exception 'Core_Model_Exception' with message 'getSubject was given a type other than the set subject' in /Applications/XAMPP/xamppfiles/htdocs/hospitality/newhospitality/application/modules/Core/Api/Core.php:55
Stack trace:
#0 /Applications/XAMPP/xamppfiles/htdocs/hospitality/newhospitality/application/modules/Activity/View/Helper/ActivityLoop.php(33): Core_Api_Core->getSubject('group')
#1 [internal function]: Activity_View_Helper_ActivityLoop->activityLoop(Array, Array)
#2 /Applications/XAMPP/xamppfiles/htdocs/hospitality/newhospitality/application/libraries/Zend/View/Abstract.php(342): call_user_func_array(Array, Array)
#3 /Applications/XAMPP/xamppfiles/htdocs/hospitality/newhospitality/application/modules/Activity/widgets/feed/index.tpl(212): Zend_View_Abstract->__call('activityLoop', Array)
#4 /Applications/XAMPP/xamppfiles/htdocs/hospitality/newhospitality/application/modules/Activity/widgets/feed/index.tpl(212): Zend_View->activityLoop(Array, Array)
#5 /Applications/XAMPP/xamppfiles/htdocs/hospitality/newhospitality/application/libraries/Zend/View.php(108): include('/Applications/X...')
#6 /Applications/XAMPP/xamppfiles/htdocs/hospitality/newhospitality/application/libraries/Zend/View/Abstract.php(835): Zend_View->_run('/Applications/X...')
#7 /Applications/XAMPP/xamppfiles/htdocs/hospitality/newhospitality/application/libraries/Engine/Content/Widget/Abstract.php(255): Zend_View_Abstract->render('application/mod...')
#8 /Applications/XAMPP/xamppfiles/htdocs/hospitality/newhospitality/application/libraries/Engine/Content/Widget/Abstract.php(224): Engine_Content_Widget_Abstract->renderScript()
#9 /Applications/XAMPP/xamppfiles/htdocs/hospitality/newhospitality/application/libraries/Engine/Content/Element/Widget.php(72): Engine_Content_Widget_Abstract->render(NULL)
#10 /Applications/XAMPP/xamppfiles/htdocs/hospitality/newhospitality/application/libraries/Engine/Content/Element/Abstract.php(582): Engine_Content_Element_Widget->_render()
#11 /Applications/XAMPP/xamppfiles/htdocs/hospitality/newhospitality/application/libraries/Engine/Content/Decorator/Children.php(30): Engine_Content_Element_Abstract->render()
#12 /Applications/XAMPP/xamppfiles/htdocs/hospitality/newhospitality/application/libraries/Engine/Content/Element/Abstract.php(593): Engine_Content_Decorator_Children->render('')
#13 /Applications/XAMPP/xamppfiles/htdocs/hospitality/newhospitality/application/libraries/Engine/Content/Decorator/Children.php(30): Engine_Content_Element_Abstract->render()
#14 /Applications/XAMPP/xamppfiles/htdocs/hospitality/newhospitality/application/libraries/Engine/Content/Element/Abstract.php(593): Engine_Content_Decorator_Children->render('')
#15 /Applications/XAMPP/xamppfiles/htdocs/hospitality/newhospitality/application/libraries/Engine/Content/Decorator/Children.php(30): Engine_Content_Element_Abstract->render()
#16 /Applications/XAMPP/xamppfiles/htdocs/hospitality/newhospitality/application/libraries/Engine/Content/Element/Abstract.php(593): Engine_Content_Decorator_Children->render('')
#17 /Applications/XAMPP/xamppfiles/htdocs/hospitality/newhospitality/application/libraries/Engine/Content.php(207): Engine_Content_Element_Abstract->render()
#18 /Applications/XAMPP/xamppfiles/htdocs/hospitality/newhospitality/application/libraries/Engine/Content/Controller/Action/Helper/Content.php(113): Engine_Content->render('user_index_home')
#19 /Applications/XAMPP/xamppfiles/htdocs/hospitality/newhospitality/application/libraries/Engine/Content/Controller/Action/Helper/Content.php(32): Engine_Content_Controller_Action_Helper_Content->render()
#20 /Applications/XAMPP/xamppfiles/htdocs/hospitality/newhospitality/application/libraries/Zend/Controller/Action/HelperBroker.php(277): Engine_Content_Controller_Action_Helper_Content->postDispatch()
#21 /Applications/XAMPP/xamppfiles/htdocs/hospitality/newhospitality/application/libraries/Zend/Controller/Action.php(523): Zend_Controller_Action_HelperBroker->notifyPostDispatch()
#22 /Applications/XAMPP/xamppfiles/htdocs/hospitality/newhospitality/application/libraries/Zend/Controller/Dispatcher/Standard.php(289): Zend_Controller_Action->dispatch('homeAction')
#23 /Applications/XAMPP/xamppfiles/htdocs/hospitality/newhospitality/application/libraries/Zend/Controller/Front.php(946): Zend_Controller_Dispatcher_Standard->dispatch(Object(Zend_Controller_Request_Http), Object(Zend_Controller_Response_Http))
#24 /Applications/XAMPP/xamppfiles/htdocs/hospitality/newhospitality/application/modules/Core/Bootstrap.php(74): Zend_Controller_Front->dispatch()
#25 /Applications/XAMPP/xamppfiles/htdocs/hospitality/newhospitality/application/libraries/Engine/Application.php(159): Core_Bootstrap->run()
#26 /Applications/XAMPP/xamppfiles/htdocs/hospitality/newhospitality/application/index.php(206): Engine_Application->run()
#27 /Applications/XAMPP/xamppfiles/htdocs/hospitality/newhospitality/index.php(24): include('/Applications/X...')
#28 {main}
2014-05-07T12:18:57+00:00 DEBUG (7): Require class Core_Controller_Action_Helper_RequireUser failed check for: activity.notifications.update
2014-05-07T12:21:06+00:00 WARN (4): exception 'Core_Model_Exception' with message 'getSubject was given a type other than the set subject' in /Applications/XAMPP/xamppfiles/htdocs/hospitality/newhospitality/application/modules/Core/Api/Core.php:55
Stack trace:
#0 /Applications/XAMPP/xamppfiles/htdocs/hospitality/newhospitality/application/modules/Activity/View/Helper/ActivityLoop.php(33): Core_Api_Core->getSubject('group')
#1 [internal function]: Activity_View_Helper_ActivityLoop->activityLoop(Array, Array)
#2 /Applications/XAMPP/xamppfiles/htdocs/hospitality/newhospitality/application/libraries/Zend/View/Abstract.php(342): call_user_func_array(Array, Array)
#3 /Applications/XAMPP/xamppfiles/htdocs/hospitality/newhospitality/application/modules/Activity/widgets/feed/index.tpl(212): Zend_View_Abstract->__call('activityLoop', Array)
#4 /Applications/XAMPP/xamppfiles/htdocs/hospitality/newhospitality/application/modules/Activity/widgets/feed/index.tpl(212): Zend_View->activityLoop(Array, Array)
#5 /Applications/XAMPP/xamppfiles/htdocs/hospitality/newhospitality/application/libraries/Zend/View.php(108): include('/Applications/X...')
#6 /Applications/XAMPP/xamppfiles/htdocs/hospitality/newhospitality/application/libraries/Zend/View/Abstract.php(835): Zend_View->_run('/Applications/X...')
#7 /Applications/XAMPP/xamppfiles/htdocs/hospitality/newhospitality/application/libraries/Engine/Content/Widget/Abstract.php(255): Zend_View_Abstract->render('application/mod...')
#8 /Applications/XAMPP/xamppfiles/htdocs/hospitality/newhospitality/application/libraries/Engine/Content/Widget/Abstract.php(224): Engine_Content_Widget_Abstract->renderScript()
#9 /Applications/XAMPP/xamppfiles/htdocs/hospitality/newhospitality/application/libraries/Engine/Content/Element/Widget.php(72): Engine_Content_Widget_Abstract->render(NULL)
#10 /Applications/XAMPP/xamppfiles/htdocs/hospitality/newhospitality/application/libraries/Engine/Content/Element/Abstract.php(582): Engine_Content_Element_Widget->_render()
#11 /Applications/XAMPP/xamppfiles/htdocs/hospitality/newhospitality/application/libraries/Engine/Content/Decorator/Children.php(30): Engine_Content_Element_Abstract->render()
#12 /Applications/XAMPP/xamppfiles/htdocs/hospitality/newhospitality/application/libraries/Engine/Content/Element/Abstract.php(593): Engine_Content_Decorator_Children->render('')
#13 /Applications/XAMPP/xamppfiles/htdocs/hospitality/newhospitality/application/libraries/Engine/Content/Decorator/Children.php(30): Engine_Content_Element_Abstract->render()
#14 /Applications/XAMPP/xamppfiles/htdocs/hospitality/newhospitality/application/libraries/Engine/Content/Element/Abstract.php(593): Engine_Content_Decorator_Children->render('')
#15 /Applications/XAMPP/xamppfiles/htdocs/hospitality/newhospitality/application/libraries/Engine/Content/Decorator/Children.php(30): Engine_Content_Element_Abstract->render()
#16 /Applications/XAMPP/xamppfiles/htdocs/hospitality/newhospitality/application/libraries/Engine/Content/Element/Abstract.php(593): Engine_Content_Decorator_Children->render('')
#17 /Applications/XAMPP/xamppfiles/htdocs/hospitality/newhospitality/application/libraries/Engine/Content.php(207): Engine_Content_Element_Abstract->render()
#18 /Applications/XAMPP/xamppfiles/htdocs/hospitality/newhospitality/application/libraries/Engine/Content/Controller/Action/Helper/Content.php(113): Engine_Content->render('user_index_home')
#19 /Applications/XAMPP/xamppfiles/htdocs/hospitality/newhospitality/application/libraries/Engine/Content/Controller/Action/Helper/Content.php(32): Engine_Content_Controller_Action_Helper_Content->render()
#20 /Applications/XAMPP/xamppfiles/htdocs/hospitality/newhospitality/application/libraries/Zend/Controller/Action/HelperBroker.php(277): Engine_Content_Controller_Action_Helper_Content->postDispatch()
#21 /Applications/XAMPP/xamppfiles/htdocs/hospitality/newhospitality/application/libraries/Zend/Controller/Action.php(523): Zend_Controller_Action_HelperBroker->notifyPostDispatch()
#22 /Applications/XAMPP/xamppfiles/htdocs/hospitality/newhospitality/application/libraries/Zend/Controller/Dispatcher/Standard.php(289): Zend_Controller_Action->dispatch('homeAction')
#23 /Applications/XAMPP/xamppfiles/htdocs/hospitality/newhospitality/application/libraries/Zend/Controller/Front.php(946): Zend_Controller_Dispatcher_Standard->dispatch(Object(Zend_Controller_Request_Http), Object(Zend_Controller_Response_Http))
#24 /Applications/XAMPP/xamppfiles/htdocs/hospitality/newhospitality/application/modules/Core/Bootstrap.php(74): Zend_Controller_Front->dispatch()
#25 /Applications/XAMPP/xamppfiles/htdocs/hospitality/newhospitality/application/libraries/Engine/Application.php(159): Core_Bootstrap->run()
#26 /Applications/XAMPP/xamppfiles/htdocs/hospitality/newhospitality/application/index.php(206): Engine_Application->run()
#27 /Applications/XAMPP/xamppfiles/htdocs/hospitality/newhospitality/index.php(24): include('/Applications/X...')
#28 {main}
2014-05-07T12:21:23+00:00 WARN (4): exception 'Core_Model_Exception' with message 'getSubject was given a type other than the set subject' in /Applications/XAMPP/xamppfiles/htdocs/hospitality/newhospitality/application/modules/Core/Api/Core.php:55
Stack trace:
#0 /Applications/XAMPP/xamppfiles/htdocs/hospitality/newhospitality/application/modules/Activity/View/Helper/ActivityLoop.php(33): Core_Api_Core->getSubject('group')
#1 [internal function]: Activity_View_Helper_ActivityLoop->activityLoop(Array, Array)
#2 /Applications/XAMPP/xamppfiles/htdocs/hospitality/newhospitality/application/libraries/Zend/View/Abstract.php(342): call_user_func_array(Array, Array)
#3 /Applications/XAMPP/xamppfiles/htdocs/hospitality/newhospitality/application/modules/Activity/widgets/feed/index.tpl(212): Zend_View_Abstract->__call('activityLoop', Array)
#4 /Applications/XAMPP/xamppfiles/htdocs/hospitality/newhospitality/application/modules/Activity/widgets/feed/index.tpl(212): Zend_View->activityLoop(Array, Array)
#5 /Applications/XAMPP/xamppfiles/htdocs/hospitality/newhospitality/application/libraries/Zend/View.php(108): include('/Applications/X...')
#6 /Applications/XAMPP/xamppfiles/htdocs/hospitality/newhospitality/application/libraries/Zend/View/Abstract.php(835): Zend_View->_run('/Applications/X...')
#7 /Applications/XAMPP/xamppfiles/htdocs/hospitality/newhospitality/application/libraries/Engine/Content/Widget/Abstract.php(255): Zend_View_Abstract->render('application/mod...')
#8 /Applications/XAMPP/xamppfiles/htdocs/hospitality/newhospitality/application/libraries/Engine/Content/Widget/Abstract.php(224): Engine_Content_Widget_Abstract->renderScript()
#9 /Applications/XAMPP/xamppfiles/htdocs/hospitality/newhospitality/application/libraries/Engine/Content/Element/Widget.php(72): Engine_Content_Widget_Abstract->render(NULL)
#10 /Applications/XAMPP/xamppfiles/htdocs/hospitality/newhospitality/application/libraries/Engine/Content/Element/Abstract.php(582): Engine_Content_Element_Widget->_render()
#11 /Applications/XAMPP/xamppfiles/htdocs/hospitality/newhospitality/application/libraries/Engine/Content/Decorator/Children.php(30): Engine_Content_Element_Abstract->render()
#12 /Applications/XAMPP/xamppfiles/htdocs/hospitality/newhospitality/application/libraries/Engine/Content/Element/Abstract.php(593): Engine_Content_Decorator_Children->render('')
#13 /Applications/XAMPP/xamppfiles/htdocs/hospitality/newhospitality/application/libraries/Engine/Content/Decorator/Children.php(30): Engine_Content_Element_Abstract->render()
#14 /Applications/XAMPP/xamppfiles/htdocs/hospitality/newhospitality/application/libraries/Engine/Content/Element/Abstract.php(593): Engine_Content_Decorator_Children->render('')
#15 /Applications/XAMPP/xamppfiles/htdocs/hospitality/newhospitality/application/libraries/Engine/Content/Decorator/Children.php(30): Engine_Content_Element_Abstract->render()
#16 /Applications/XAMPP/xamppfiles/htdocs/hospitality/newhospitality/application/libraries/Engine/Content/Element/Abstract.php(593): Engine_Content_Decorator_Children->render('')
#17 /Applications/XAMPP/xamppfiles/htdocs/hospitality/newhospitality/application/libraries/Engine/Content.php(207): Engine_Content_Element_Abstract->render()
#18 /Applications/XAMPP/xamppfiles/htdocs/hospitality/newhospitality/application/libraries/Engine/Content/Controller/Action/Helper/Content.php(113): Engine_Content->render('user_index_home')
#19 /Applications/XAMPP/xamppfiles/htdocs/hospitality/newhospitality/application/libraries/Engine/Content/Controller/Action/Helper/Content.php(32): Engine_Content_Controller_Action_Helper_Content->render()
#20 /Applications/XAMPP/xamppfiles/htdocs/hospitality/newhospitality/application/libraries/Zend/Controller/Action/HelperBroker.php(277): Engine_Content_Controller_Action_Helper_Content->postDispatch()
#21 /Applications/XAMPP/xamppfiles/htdocs/hospitality/newhospitality/application/libraries/Zend/Controller/Action.php(523): Zend_Controller_Action_HelperBroker->notifyPostDispatch()
#22 /Applications/XAMPP/xamppfiles/htdocs/hospitality/newhospitality/application/libraries/Zend/Controller/Dispatcher/Standard.php(289): Zend_Controller_Action->dispatch('homeAction')
#23 /Applications/XAMPP/xamppfiles/htdocs/hospitality/newhospitality/application/libraries/Zend/Controller/Front.php(946): Zend_Controller_Dispatcher_Standard->dispatch(Object(Zend_Controller_Request_Http), Object(Zend_Controller_Response_Http))
#24 /Applications/XAMPP/xamppfiles/htdocs/hospitality/newhospitality/application/modules/Core/Bootstrap.php(74): Zend_Controller_Front->dispatch()
#25 /Applications/XAMPP/xamppfiles/htdocs/hospitality/newhospitality/application/libraries/Engine/Application.php(159): Core_Bootstrap->run()
#26 /Applications/XAMPP/xamppfiles/htdocs/hospitality/newhospitality/application/index.php(206): Engine_Application->run()
#27 /Applications/XAMPP/xamppfiles/htdocs/hospitality/newhospitality/index.php(24): include('/Applications/X...')
#28 {main}
2014-05-07T12:22:01+00:00 WARN (4): exception 'Core_Model_Exception' with message 'getSubject was given a type other than the set subject' in /Applications/XAMPP/xamppfiles/htdocs/hospitality/newhospitality/application/modules/Core/Api/Core.php:55
Stack trace:
#0 /Applications/XAMPP/xamppfiles/htdocs/hospitality/newhospitality/application/modules/Activity/View/Helper/ActivityLoop.php(33): Core_Api_Core->getSubject('group')
#1 [internal function]: Activity_View_Helper_ActivityLoop->activityLoop(Array, Array)
#2 /Applications/XAMPP/xamppfiles/htdocs/hospitality/newhospitality/application/libraries/Zend/View/Abstract.php(342): call_user_func_array(Array, Array)
#3 /Applications/XAMPP/xamppfiles/htdocs/hospitality/newhospitality/application/modules/Activity/widgets/feed/index.tpl(212): Zend_View_Abstract->__call('activityLoop', Array)
#4 /Applications/XAMPP/xamppfiles/htdocs/hospitality/newhospitality/application/modules/Activity/widgets/feed/index.tpl(212): Zend_View->activityLoop(Array, Array)
#5 /Applications/XAMPP/xamppfiles/htdocs/hospitality/newhospitality/application/libraries/Zend/View.php(108): include('/Applications/X...')
#6 /Applications/XAMPP/xamppfiles/htdocs/hospitality/newhospitality/application/libraries/Zend/View/Abstract.php(835): Zend_View->_run('/Applications/X...')
#7 /Applications/XAMPP/xamppfiles/htdocs/hospitality/newhospitality/application/libraries/Engine/Content/Widget/Abstract.php(255): Zend_View_Abstract->render('application/mod...')
#8 /Applications/XAMPP/xamppfiles/htdocs/hospitality/newhospitality/application/libraries/Engine/Content/Widget/Abstract.php(224): Engine_Content_Widget_Abstract->renderScript()
#9 /Applications/XAMPP/xamppfiles/htdocs/hospitality/newhospitality/application/libraries/Engine/Content/Element/Widget.php(72): Engine_Content_Widget_Abstract->render(NULL)
#10 /Applications/XAMPP/xamppfiles/htdocs/hospitality/newhospitality/application/libraries/Engine/Content/Element/Abstract.php(582): Engine_Content_Element_Widget->_render()
#11 /Applications/XAMPP/xamppfiles/htdocs/hospitality/newhospitality/application/libraries/Engine/Content/Decorator/Children.php(30): Engine_Content_Element_Abstract->render()
#12 /Applications/XAMPP/xamppfiles/htdocs/hospitality/newhospitality/application/libraries/Engine/Content/Element/Abstract.php(593): Engine_Content_Decorator_Children->render('')
#13 /Applications/XAMPP/xamppfiles/htdocs/hospitality/newhospitality/application/libraries/Engine/Content/Decorator/Children.php(30): Engine_Content_Element_Abstract->render()
#14 /Applications/XAMPP/xamppfiles/htdocs/hospitality/newhospitality/application/libraries/Engine/Content/Element/Abstract.php(593): Engine_Content_Decorator_Children->render('')
#15 /Applications/XAMPP/xamppfiles/htdocs/hospitality/newhospitality/application/libraries/Engine/Content/Decorator/Children.php(30): Engine_Content_Element_Abstract->render()
#16 /Applications/XAMPP/xamppfiles/htdocs/hospitality/newhospitality/application/libraries/Engine/Content/Element/Abstract.php(593): Engine_Content_Decorator_Children->render('')
#17 /Applications/XAMPP/xamppfiles/htdocs/hospitality/newhospitality/application/libraries/Engine/Content.php(207): Engine_Content_Element_Abstract->render()
#18 /Applications/XAMPP/xamppfiles/htdocs/hospitality/newhospitality/application/libraries/Engine/Content/Controller/Action/Helper/Content.php(113): Engine_Content->render('user_index_home')
#19 /Applications/XAMPP/xamppfiles/htdocs/hospitality/newhospitality/application/libraries/Engine/Content/Controller/Action/Helper/Content.php(32): Engine_Content_Controller_Action_Helper_Content->render()
#20 /Applications/XAMPP/xamppfiles/htdocs/hospitality/newhospitality/application/libraries/Zend/Controller/Action/HelperBroker.php(277): Engine_Content_Controller_Action_Helper_Content->postDispatch()
#21 /Applications/XAMPP/xamppfiles/htdocs/hospitality/newhospitality/application/libraries/Zend/Controller/Action.php(523): Zend_Controller_Action_HelperBroker->notifyPostDispatch()
#22 /Applications/XAMPP/xamppfiles/htdocs/hospitality/newhospitality/application/libraries/Zend/Controller/Dispatcher/Standard.php(289): Zend_Controller_Action->dispatch('homeAction')
#23 /Applications/XAMPP/xamppfiles/htdocs/hospitality/newhospitality/application/libraries/Zend/Controller/Front.php(946): Zend_Controller_Dispatcher_Standard->dispatch(Object(Zend_Controller_Request_Http), Object(Zend_Controller_Response_Http))
#24 /Applications/XAMPP/xamppfiles/htdocs/hospitality/newhospitality/application/modules/Core/Bootstrap.php(74): Zend_Controller_Front->dispatch()
#25 /Applications/XAMPP/xamppfiles/htdocs/hospitality/newhospitality/application/libraries/Engine/Application.php(159): Core_Bootstrap->run()
#26 /Applications/XAMPP/xamppfiles/htdocs/hospitality/newhospitality/application/index.php(206): Engine_Application->run()
#27 /Applications/XAMPP/xamppfiles/htdocs/hospitality/newhospitality/index.php(24): include('/Applications/X...')
#28 {main}
2014-05-07T12:46:02+00:00 WARN (4): exception 'Core_Model_Exception' with message 'getSubject was given a type other than the set subject' in /Applications/XAMPP/xamppfiles/htdocs/hospitality/newhospitality/application/modules/Core/Api/Core.php:55
Stack trace:
#0 /Applications/XAMPP/xamppfiles/htdocs/hospitality/newhospitality/application/modules/Activity/View/Helper/ActivityLoop.php(33): Core_Api_Core->getSubject('group')
#1 [internal function]: Activity_View_Helper_ActivityLoop->activityLoop(Array, Array)
#2 /Applications/XAMPP/xamppfiles/htdocs/hospitality/newhospitality/application/libraries/Zend/View/Abstract.php(342): call_user_func_array(Array, Array)
#3 /Applications/XAMPP/xamppfiles/htdocs/hospitality/newhospitality/application/modules/Activity/widgets/feed/index.tpl(212): Zend_View_Abstract->__call('activityLoop', Array)
#4 /Applications/XAMPP/xamppfiles/htdocs/hospitality/newhospitality/application/modules/Activity/widgets/feed/index.tpl(212): Zend_View->activityLoop(Array, Array)
#5 /Applications/XAMPP/xamppfiles/htdocs/hospitality/newhospitality/application/libraries/Zend/View.php(108): include('/Applications/X...')
#6 /Applications/XAMPP/xamppfiles/htdocs/hospitality/newhospitality/application/libraries/Zend/View/Abstract.php(835): Zend_View->_run('/Applications/X...')
#7 /Applications/XAMPP/xamppfiles/htdocs/hospitality/newhospitality/application/libraries/Engine/Content/Widget/Abstract.php(255): Zend_View_Abstract->render('application/mod...')
#8 /Applications/XAMPP/xamppfiles/htdocs/hospitality/newhospitality/application/libraries/Engine/Content/Widget/Abstract.php(224): Engine_Content_Widget_Abstract->renderScript()
#9 /Applications/XAMPP/xamppfiles/htdocs/hospitality/newhospitality/application/libraries/Engine/Content/Element/Widget.php(72): Engine_Content_Widget_Abstract->render(NULL)
#10 /Applications/XAMPP/xamppfiles/htdocs/hospitality/newhospitality/application/libraries/Engine/Content/Element/Abstract.php(582): Engine_Content_Element_Widget->_render()
#11 /Applications/XAMPP/xamppfiles/htdocs/hospitality/newhospitality/application/libraries/Engine/Content/Decorator/Children.php(30): Engine_Content_Element_Abstract->render()
#12 /Applications/XAMPP/xamppfiles/htdocs/hospitality/newhospitality/application/libraries/Engine/Content/Element/Abstract.php(593): Engine_Content_Decorator_Children->render('')
#13 /Applications/XAMPP/xamppfiles/htdocs/hospitality/newhospitality/application/libraries/Engine/Content/Decorator/Children.php(30): Engine_Content_Element_Abstract->render()
#14 /Applications/XAMPP/xamppfiles/htdocs/hospitality/newhospitality/application/libraries/Engine/Content/Element/Abstract.php(593): Engine_Content_Decorator_Children->render('')
#15 /Applications/XAMPP/xamppfiles/htdocs/hospitality/newhospitality/application/libraries/Engine/Content/Decorator/Children.php(30): Engine_Content_Element_Abstract->render()
#16 /Applications/XAMPP/xamppfiles/htdocs/hospitality/newhospitality/application/libraries/Engine/Content/Element/Abstract.php(593): Engine_Content_Decorator_Children->render('')
#17 /Applications/XAMPP/xamppfiles/htdocs/hospitality/newhospitality/application/libraries/Engine/Content.php(207): Engine_Content_Element_Abstract->render()
#18 /Applications/XAMPP/xamppfiles/htdocs/hospitality/newhospitality/application/libraries/Engine/Content/Controller/Action/Helper/Content.php(113): Engine_Content->render('user_index_home')
#19 /Applications/XAMPP/xamppfiles/htdocs/hospitality/newhospitality/application/libraries/Engine/Content/Controller/Action/Helper/Content.php(32): Engine_Content_Controller_Action_Helper_Content->render()
#20 /Applications/XAMPP/xamppfiles/htdocs/hospitality/newhospitality/application/libraries/Zend/Controller/Action/HelperBroker.php(277): Engine_Content_Controller_Action_Helper_Content->postDispatch()
#21 /Applications/XAMPP/xamppfiles/htdocs/hospitality/newhospitality/application/libraries/Zend/Controller/Action.php(523): Zend_Controller_Action_HelperBroker->notifyPostDispatch()
#22 /Applications/XAMPP/xamppfiles/htdocs/hospitality/newhospitality/application/libraries/Zend/Controller/Dispatcher/Standard.php(289): Zend_Controller_Action->dispatch('homeAction')
#23 /Applications/XAMPP/xamppfiles/htdocs/hospitality/newhospitality/application/libraries/Zend/Controller/Front.php(946): Zend_Controller_Dispatcher_Standard->dispatch(Object(Zend_Controller_Request_Http), Object(Zend_Controller_Response_Http))
#24 /Applications/XAMPP/xamppfiles/htdocs/hospitality/newhospitality/application/modules/Core/Bootstrap.php(74): Zend_Controller_Front->dispatch()
#25 /Applications/XAMPP/xamppfiles/htdocs/hospitality/newhospitality/application/libraries/Engine/Application.php(159): Core_Bootstrap->run()
#26 /Applications/XAMPP/xamppfiles/htdocs/hospitality/newhospitality/application/index.php(206): Engine_Application->run()
#27 /Applications/XAMPP/xamppfiles/htdocs/hospitality/newhospitality/index.php(24): include('/Applications/X...')
#28 {main}
2014-05-07T12:48:08+00:00 WARN (4): exception 'Core_Model_Exception' with message 'getSubject was given a type other than the set subject' in /Applications/XAMPP/xamppfiles/htdocs/hospitality/newhospitality/application/modules/Core/Api/Core.php:55
Stack trace:
#0 /Applications/XAMPP/xamppfiles/htdocs/hospitality/newhospitality/application/modules/Activity/View/Helper/ActivityLoop.php(33): Core_Api_Core->getSubject('group')
#1 [internal function]: Activity_View_Helper_ActivityLoop->activityLoop(Array, Array)
#2 /Applications/XAMPP/xamppfiles/htdocs/hospitality/newhospitality/application/libraries/Zend/View/Abstract.php(342): call_user_func_array(Array, Array)
#3 /Applications/XAMPP/xamppfiles/htdocs/hospitality/newhospitality/application/modules/Activity/widgets/feed/index.tpl(212): Zend_View_Abstract->__call('activityLoop', Array)
#4 /Applications/XAMPP/xamppfiles/htdocs/hospitality/newhospitality/application/modules/Activity/widgets/feed/index.tpl(212): Zend_View->activityLoop(Array, Array)
#5 /Applications/XAMPP/xamppfiles/htdocs/hospitality/newhospitality/application/libraries/Zend/View.php(108): include('/Applications/X...')
#6 /Applications/XAMPP/xamppfiles/htdocs/hospitality/newhospitality/application/libraries/Zend/View/Abstract.php(835): Zend_View->_run('/Applications/X...')
#7 /Applications/XAMPP/xamppfiles/htdocs/hospitality/newhospitality/application/libraries/Engine/Content/Widget/Abstract.php(255): Zend_View_Abstract->render('application/mod...')
#8 /Applications/XAMPP/xamppfiles/htdocs/hospitality/newhospitality/application/libraries/Engine/Content/Widget/Abstract.php(224): Engine_Content_Widget_Abstract->renderScript()
#9 /Applications/XAMPP/xamppfiles/htdocs/hospitality/newhospitality/application/libraries/Engine/Content/Element/Widget.php(72): Engine_Content_Widget_Abstract->render(NULL)
#10 /Applications/XAMPP/xamppfiles/htdocs/hospitality/newhospitality/application/libraries/Engine/Content/Element/Abstract.php(582): Engine_Content_Element_Widget->_render()
#11 /Applications/XAMPP/xamppfiles/htdocs/hospitality/newhospitality/application/libraries/Engine/Content/Decorator/Children.php(30): Engine_Content_Element_Abstract->render()
#12 /Applications/XAMPP/xamppfiles/htdocs/hospitality/newhospitality/application/libraries/Engine/Content/Element/Abstract.php(593): Engine_Content_Decorator_Children->render('')
#13 /Applications/XAMPP/xamppfiles/htdocs/hospitality/newhospitality/application/libraries/Engine/Content/Decorator/Children.php(30): Engine_Content_Element_Abstract->render()
#14 /Applications/XAMPP/xamppfiles/htdocs/hospitality/newhospitality/application/libraries/Engine/Content/Element/Abstract.php(593): Engine_Content_Decorator_Children->render('')
#15 /Applications/XAMPP/xamppfiles/htdocs/hospitality/newhospitality/application/libraries/Engine/Content/Decorator/Children.php(30): Engine_Content_Element_Abstract->render()
#16 /Applications/XAMPP/xamppfiles/htdocs/hospitality/newhospitality/application/libraries/Engine/Content/Element/Abstract.php(593): Engine_Content_Decorator_Children->render('')
#17 /Applications/XAMPP/xamppfiles/htdocs/hospitality/newhospitality/application/libraries/Engine/Content.php(207): Engine_Content_Element_Abstract->render()
#18 /Applications/XAMPP/xamppfiles/htdocs/hospitality/newhospitality/application/libraries/Engine/Content/Controller/Action/Helper/Content.php(113): Engine_Content->render('user_index_home')
#19 /Applications/XAMPP/xamppfiles/htdocs/hospitality/newhospitality/application/libraries/Engine/Content/Controller/Action/Helper/Content.php(32): Engine_Content_Controller_Action_Helper_Content->render()
#20 /Applications/XAMPP/xamppfiles/htdocs/hospitality/newhospitality/application/libraries/Zend/Controller/Action/HelperBroker.php(277): Engine_Content_Controller_Action_Helper_Content->postDispatch()
#21 /Applications/XAMPP/xamppfiles/htdocs/hospitality/newhospitality/application/libraries/Zend/Controller/Action.php(523): Zend_Controller_Action_HelperBroker->notifyPostDispatch()
#22 /Applications/XAMPP/xamppfiles/htdocs/hospitality/newhospitality/application/libraries/Zend/Controller/Dispatcher/Standard.php(289): Zend_Controller_Action->dispatch('homeAction')
#23 /Applications/XAMPP/xamppfiles/htdocs/hospitality/newhospitality/application/libraries/Zend/Controller/Front.php(946): Zend_Controller_Dispatcher_Standard->dispatch(Object(Zend_Controller_Request_Http), Object(Zend_Controller_Response_Http))
#24 /Applications/XAMPP/xamppfiles/htdocs/hospitality/newhospitality/application/modules/Core/Bootstrap.php(74): Zend_Controller_Front->dispatch()
#25 /Applications/XAMPP/xamppfiles/htdocs/hospitality/newhospitality/application/libraries/Engine/Application.php(159): Core_Bootstrap->run()
#26 /Applications/XAMPP/xamppfiles/htdocs/hospitality/newhospitality/application/index.php(206): Engine_Application->run()
#27 /Applications/XAMPP/xamppfiles/htdocs/hospitality/newhospitality/index.php(24): include('/Applications/X...')
#28 {main}
