2014-07-06T09:27:22+00:00 NOTICE (5): Untranslated message within 'vi': 
2014-07-06T09:27:22+00:00 NOTICE (5): Untranslated message within 'vi': 
2014-07-06T09:27:22+00:00 NOTICE (5): Untranslated message within 'vi': 
2014-07-06T09:27:23+00:00 NOTICE (5): Untranslated message within 'vi': %s bạn chung
2014-07-06T09:27:23+00:00 NOTICE (5): Untranslated message within 'vi': %s bạn chung
2014-07-06T09:27:23+00:00 NOTICE (5): Untranslated message within 'vi': %s bạn chung
2014-07-06T09:27:23+00:00 NOTICE (5): Untranslated message within 'vi': %s lúc %s
2014-07-06T09:27:23+00:00 NOTICE (5): Untranslated message within 'vi': %s lúc %s
2014-07-06T09:27:23+00:00 NOTICE (5): Untranslated message within 'vi': %s lúc %s
2014-07-06T09:27:23+00:00 NOTICE (5): Untranslated message within 'vi': %s lúc %s
2014-07-06T09:27:23+00:00 NOTICE (5): Untranslated message within 'vi': %s lúc %s
2014-07-06T09:27:23+00:00 NOTICE (5): Untranslated message within 'vi': 
2014-07-06T09:27:23+00:00 NOTICE (5): Untranslated message within 'vi': %s lúc %s
2014-07-06T09:27:23+00:00 NOTICE (5): Untranslated message within 'vi': %s lúc %s
2014-07-06T09:27:23+00:00 NOTICE (5): Untranslated message within 'vi': %s lúc %s
2014-07-06T09:27:23+00:00 NOTICE (5): Untranslated message within 'vi': 
2014-07-06T09:27:23+00:00 NOTICE (5): Untranslated message within 'vi': %s lúc %s
2014-07-06T09:27:23+00:00 NOTICE (5): Untranslated message within 'vi': Bằng Vũ
2014-07-06T09:27:23+00:00 NOTICE (5): Untranslated message within 'vi': %s lúc %s
2014-07-06T09:27:23+00:00 NOTICE (5): Untranslated message within 'vi': %s lúc %s
2014-07-06T09:27:23+00:00 NOTICE (5): Untranslated message within 'vi': %s lúc %s
2014-07-06T09:27:23+00:00 NOTICE (5): Untranslated message within 'vi': Võ Ngọc Kim Luân
2014-07-06T09:27:23+00:00 NOTICE (5): Untranslated message within 'vi': %s lúc %s
2014-07-06T09:27:23+00:00 NOTICE (5): Untranslated message within 'vi': Xương Châu
2014-07-06T09:27:23+00:00 NOTICE (5): Untranslated message within 'vi': %s lúc %s
2014-07-06T09:27:23+00:00 NOTICE (5): Untranslated message within 'vi': Minh Quân Võ
2014-07-06T09:27:23+00:00 NOTICE (5): Untranslated message within 'vi': %s lúc %s
2014-07-06T09:27:23+00:00 NOTICE (5): Untranslated message within 'vi': NGỌC NGÔ
2014-07-06T09:27:23+00:00 NOTICE (5): Untranslated message within 'vi': %s lúc %s
2014-07-06T09:27:23+00:00 NOTICE (5): Untranslated message within 'vi': NGỌC NGÔ
2014-07-06T09:27:23+00:00 NOTICE (5): Untranslated message within 'vi': %s lúc %s
2014-07-06T09:27:23+00:00 NOTICE (5): Untranslated message within 'vi': Le Trinh
2014-07-06T09:27:23+00:00 NOTICE (5): Untranslated message within 'vi': %s lúc %s
2014-07-06T09:27:23+00:00 NOTICE (5): Untranslated message within 'vi': Cao Lợi
2014-07-06T09:27:24+00:00 NOTICE (5): Untranslated message within 'vi': %s lúc %s
2014-07-06T09:27:24+00:00 NOTICE (5): Untranslated message within 'vi': Hạnh Nhân
2014-07-06T09:27:24+00:00 NOTICE (5): Untranslated message within 'vi': %s lúc %s
2014-07-06T09:27:24+00:00 NOTICE (5): Untranslated message within 'vi': Hạnh Nhân
2014-07-06T09:27:24+00:00 NOTICE (5): Untranslated message within 'vi': %s lúc %s
2014-07-06T09:27:24+00:00 NOTICE (5): Untranslated message within 'vi': {item:$subject} vừa download cuốn sách {item:$object}
2014-07-06T09:27:24+00:00 NOTICE (5): Untranslated message within 'vi': Quyền Nguyễn Hữu
2014-07-06T09:27:24+00:00 NOTICE (5): Untranslated message within 'vi': Marketing in Travel and Tourism
2014-07-06T09:27:24+00:00 NOTICE (5): Untranslated message within 'vi': %s lúc %s
2014-07-06T09:27:24+00:00 NOTICE (5): Untranslated message within 'vi': {item:$subject} vừa download cuốn sách {item:$object}
2014-07-06T09:27:24+00:00 NOTICE (5): Untranslated message within 'vi': Quyền Nguyễn Hữu
2014-07-06T09:27:24+00:00 NOTICE (5): Untranslated message within 'vi': Hotel Design Magazine Dec 2010
2014-07-06T09:27:24+00:00 NOTICE (5): Untranslated message within 'vi': %s lúc %s
2014-07-06T09:27:24+00:00 NOTICE (5): Untranslated message within 'vi': Thắng Trường
2014-07-06T09:27:24+00:00 NOTICE (5): Untranslated message within 'vi': %s lúc %s
2014-07-06T09:27:24+00:00 NOTICE (5): Untranslated message within 'vi': Trả lời mới về {item:$object} vừa được trả lời bởi {item:$subject} 
2014-07-06T09:27:24+00:00 NOTICE (5): Untranslated message within 'vi': Phân loại "sao" khách sạn
2014-07-06T09:27:24+00:00 NOTICE (5): Untranslated message within 'vi': Hoang Son
2014-07-06T09:27:24+00:00 NOTICE (5): Untranslated message within 'vi': %s lúc %s
2014-07-06T09:27:24+00:00 NOTICE (5): Untranslated message within 'vi': Hoang Son
2014-07-06T09:27:24+00:00 NOTICE (5): Untranslated message within 'vi': %s lúc %s
2014-07-06T09:27:24+00:00 NOTICE (5): Untranslated message within 'vi': %s lúc %s
2014-07-06T09:27:24+00:00 NOTICE (5): Untranslated message within 'vi': nguyễn ngọc
2014-07-06T09:27:24+00:00 NOTICE (5): Untranslated message within 'vi': %s lúc %s
2014-07-06T09:27:24+00:00 NOTICE (5): Untranslated message within 'vi': Hoa Hồng
2014-07-06T09:27:24+00:00 NOTICE (5): Untranslated message within 'vi': %s lúc %s
2014-07-06T09:27:24+00:00 NOTICE (5): Untranslated message within 'vi': Trả lời mới về {item:$object} vừa được trả lời bởi {item:$subject} 
2014-07-06T09:27:24+00:00 NOTICE (5): Untranslated message within 'vi': Phân loại "sao" khách sạn
2014-07-06T09:27:24+00:00 NOTICE (5): Untranslated message within 'vi': the  toan
2014-07-06T09:27:24+00:00 NOTICE (5): Untranslated message within 'vi': %s lúc %s
2014-07-06T09:27:24+00:00 NOTICE (5): Untranslated message within 'vi': Trần Hoài
2014-07-06T09:27:24+00:00 NOTICE (5): Untranslated message within 'vi': %s lúc %s
2014-07-06T09:27:24+00:00 NOTICE (5): Untranslated message within 'vi': Đình Thượng Trần
2014-07-06T09:27:24+00:00 NOTICE (5): Untranslated message within 'vi': %s lúc %s
2014-07-06T09:27:24+00:00 NOTICE (5): Untranslated message within 'vi': Đình Thượng Trần
2014-07-06T09:27:24+00:00 NOTICE (5): Untranslated message within 'vi': %s lúc %s
2014-07-06T09:27:24+00:00 NOTICE (5): Untranslated message within 'vi': Giao Chi
2014-07-06T09:27:24+00:00 NOTICE (5): Untranslated message within 'vi': %s lúc %s
2014-07-06T09:27:24+00:00 NOTICE (5): Untranslated message within 'vi': Son Bờm Cục Thịt
2014-07-06T09:27:24+00:00 NOTICE (5): Untranslated message within 'vi': %s lúc %s
2014-07-06T09:27:24+00:00 NOTICE (5): Untranslated message within 'vi': Pham Lan
2014-07-06T09:27:24+00:00 NOTICE (5): Untranslated message within 'vi': Member Home Page
2014-07-06T09:27:24+00:00 NOTICE (5): Untranslated message within 'vi': This is the home page for members.
2014-07-06T09:27:24+00:00 NOTICE (5): Untranslated message within 'vi': pagetitle-user-home-index
2014-07-06T09:27:24+00:00 NOTICE (5): Untranslated message within 'vi': Mạng du lịch khách sạn Việt Nam
2014-07-06T09:27:24+00:00 NOTICE (5): Untranslated message within 'vi': 
2014-07-06T09:27:24+00:00 NOTICE (5): Untranslated message within 'vi': Sửa trang cá nhân
2014-07-06T09:27:24+00:00 NOTICE (5): Untranslated message within 'vi': Thiết lập chung
2014-07-06T09:27:24+00:00 NOTICE (5): Untranslated message within 'vi': Trợ giúp
2014-07-06T09:27:24+00:00 NOTICE (5): Untranslated message within 'vi': Đăng xuất
2014-07-06T09:27:24+00:00 NOTICE (5): Untranslated message within 'vi': 
2014-07-06T09:27:24+00:00 NOTICE (5): Untranslated message within 'vi': 
2014-07-06T09:27:24+00:00 NOTICE (5): Untranslated message within 'vi': 
2014-07-06T09:27:36+00:00 NOTICE (5): Untranslated message within 'vi': %s lúc %s
2014-07-06T09:27:36+00:00 NOTICE (5): Untranslated message within 'vi': Bằng Vũ
2014-07-06T09:27:36+00:00 NOTICE (5): Untranslated message within 'vi': %s lúc %s
2014-07-06T09:27:36+00:00 NOTICE (5): Untranslated message within 'vi': Bằng Vũ
2014-07-06T09:27:36+00:00 NOTICE (5): Untranslated message within 'vi': %s lúc %s
2014-07-06T09:27:36+00:00 NOTICE (5): Untranslated message within 'vi': Tuan Tran
2014-07-06T09:27:36+00:00 NOTICE (5): Untranslated message within 'vi': Bằng Vũ
2014-07-06T09:27:36+00:00 NOTICE (5): Untranslated message within 'vi': %s lúc %s
2014-07-06T09:27:36+00:00 NOTICE (5): Untranslated message within 'vi': Bằng Vũ
2014-07-06T09:27:36+00:00 NOTICE (5): Untranslated message within 'vi': %s lúc %s
2014-07-06T09:27:36+00:00 NOTICE (5): Untranslated message within 'vi': %s lúc %s
2014-07-06T09:27:36+00:00 NOTICE (5): Untranslated message within 'vi': %s lúc %s
2014-07-06T09:27:36+00:00 NOTICE (5): Untranslated message within 'vi': %s lúc %s
2014-07-06T09:27:36+00:00 NOTICE (5): Untranslated message within 'vi': {item:$subject} vừa download cuốn sách {item:$object}
2014-07-06T09:27:36+00:00 NOTICE (5): Untranslated message within 'vi': Bằng Vũ
2014-07-06T09:27:36+00:00 NOTICE (5): Untranslated message within 'vi': Mobilizing Hospitality - The ethics of Social Relations in a mo
2014-07-06T09:27:36+00:00 NOTICE (5): Untranslated message within 'vi': %s lúc %s
2014-07-06T09:27:36+00:00 NOTICE (5): Untranslated message within 'vi': {item:$subject} vừa download cuốn sách {item:$object}
2014-07-06T09:27:36+00:00 NOTICE (5): Untranslated message within 'vi': Bằng Vũ
2014-07-06T09:27:36+00:00 NOTICE (5): Untranslated message within 'vi': Wine and Society - the Cultural and social context of a drink
2014-07-06T09:27:36+00:00 NOTICE (5): Untranslated message within 'vi': %s lúc %s
2014-07-06T09:27:36+00:00 NOTICE (5): Untranslated message within 'vi': {item:$subject} vừa download cuốn sách {item:$object}
2014-07-06T09:27:36+00:00 NOTICE (5): Untranslated message within 'vi': Bằng Vũ
2014-07-06T09:27:36+00:00 NOTICE (5): Untranslated message within 'vi': Hotel Design Magazine Dec 2010
2014-07-06T09:27:37+00:00 NOTICE (5): Untranslated message within 'vi': %s lúc %s
2014-07-06T09:27:37+00:00 NOTICE (5): Untranslated message within 'vi': %s lúc %s
2014-07-06T09:27:37+00:00 NOTICE (5): Untranslated message within 'vi': %s lúc %s
2014-07-06T09:27:37+00:00 NOTICE (5): Untranslated message within 'vi': {item:$subject} vừa comment vào cuốn sách {item:$object}
2014-07-06T09:27:37+00:00 NOTICE (5): Untranslated message within 'vi': Bằng Vũ
2014-07-06T09:27:37+00:00 NOTICE (5): Untranslated message within 'vi': Principles of Hotel Management
2014-07-06T09:27:37+00:00 NOTICE (5): Untranslated message within 'vi': %s lúc %s
2014-07-06T09:27:37+00:00 NOTICE (5): Untranslated message within 'vi': Trả lời mới về {item:$object} vừa được trả lời bởi {item:$subject} 
2014-07-06T09:27:37+00:00 NOTICE (5): Untranslated message within 'vi': Canapé là gì?
2014-07-06T09:27:37+00:00 NOTICE (5): Untranslated message within 'vi': Bằng Vũ
2014-07-06T09:27:37+00:00 NOTICE (5): Untranslated message within 'vi': %s lúc %s
2014-07-06T09:27:37+00:00 NOTICE (5): Untranslated message within 'vi': {item:$subject} vừa download cuốn sách {item:$object}
2014-07-06T09:27:37+00:00 NOTICE (5): Untranslated message within 'vi': Bằng Vũ
2014-07-06T09:27:37+00:00 NOTICE (5): Untranslated message within 'vi': Dictionary of Travel, Tourism and Hospitality, Third Edition
2014-07-06T09:27:37+00:00 NOTICE (5): Untranslated message within 'vi': %s lúc %s
2014-07-06T09:27:37+00:00 NOTICE (5): Untranslated message within 'vi': {item:$subject} vừa download cuốn sách {item:$object}
2014-07-06T09:27:37+00:00 NOTICE (5): Untranslated message within 'vi': Bằng Vũ
2014-07-06T09:27:37+00:00 NOTICE (5): Untranslated message within 'vi': Principles of Hotel Management
2014-07-06T09:27:37+00:00 NOTICE (5): Untranslated message within 'vi': %s lúc %s
2014-07-06T09:27:37+00:00 NOTICE (5): Untranslated message within 'vi': HTM Management Consultancy
2014-07-06T09:27:37+00:00 NOTICE (5): Untranslated message within 'vi': Bằng Vũ
2014-07-06T09:27:37+00:00 NOTICE (5): Untranslated message within 'vi': %s lúc %s
2014-07-06T09:27:37+00:00 NOTICE (5): Untranslated message within 'vi': Phan Luong
2014-07-06T09:27:37+00:00 NOTICE (5): Untranslated message within 'vi': Bằng Vũ
2014-07-06T09:27:37+00:00 NOTICE (5): Untranslated message within 'vi': %s lúc %s
2014-07-06T09:27:37+00:00 NOTICE (5): Untranslated message within 'vi': Bằng Vũ
2014-07-06T09:27:37+00:00 NOTICE (5): Untranslated message within 'vi': Kai Marcus Schröter
2014-07-06T09:27:37+00:00 NOTICE (5): Untranslated message within 'vi': %s lúc %s
2014-07-06T09:27:37+00:00 NOTICE (5): Untranslated message within 'vi': Son Lam Dong
2014-07-06T09:27:37+00:00 NOTICE (5): Untranslated message within 'vi': Bằng Vũ
2014-07-06T09:27:37+00:00 NOTICE (5): Untranslated message within 'vi': %s lúc %s
2014-07-06T09:27:37+00:00 NOTICE (5): Untranslated message within 'vi': Thắm Huỳnh Thị
2014-07-06T09:27:37+00:00 NOTICE (5): Untranslated message within 'vi': Bằng Vũ
2014-07-06T09:27:37+00:00 NOTICE (5): Untranslated message within 'vi': %s lúc %s
2014-07-06T09:27:37+00:00 NOTICE (5): Untranslated message within 'vi': Bằng Vũ
2014-07-06T09:27:37+00:00 NOTICE (5): Untranslated message within 'vi': Lê Ngân
2014-07-06T09:27:37+00:00 NOTICE (5): Untranslated message within 'vi': %s lúc %s
2014-07-06T09:27:37+00:00 NOTICE (5): Untranslated message within 'vi': Hồng Ngọc Trần
2014-07-06T09:27:37+00:00 NOTICE (5): Untranslated message within 'vi': Bằng Vũ
2014-07-06T09:27:37+00:00 NOTICE (5): Untranslated message within 'vi': %s lúc %s
2014-07-06T09:27:37+00:00 NOTICE (5): Untranslated message within 'vi': Bằng Vũ
2014-07-06T09:27:37+00:00 NOTICE (5): Untranslated message within 'vi': %s lúc %s
2014-07-06T09:27:37+00:00 NOTICE (5): Untranslated message within 'vi': Bằng Vũ
2014-07-06T09:27:37+00:00 NOTICE (5): Untranslated message within 'vi': %s lúc %s
2014-07-06T09:27:37+00:00 NOTICE (5): Untranslated message within 'vi': Bằng Vũ
2014-07-06T09:27:37+00:00 NOTICE (5): Untranslated message within 'vi': %s lúc %s
2014-07-06T09:27:37+00:00 NOTICE (5): Untranslated message within 'vi': %s lúc %s
2014-07-06T09:27:37+00:00 NOTICE (5): Untranslated message within 'vi': %s lúc %s
2014-07-06T09:27:37+00:00 NOTICE (5): Untranslated message within 'vi': %s lúc %s
2014-07-06T09:27:37+00:00 NOTICE (5): Untranslated message within 'vi': %s lúc %s
2014-07-06T09:27:37+00:00 NOTICE (5): Untranslated message within 'vi': %s lúc %s
2014-07-06T09:27:37+00:00 NOTICE (5): Untranslated message within 'vi': %s lúc %s
2014-07-06T09:27:37+00:00 NOTICE (5): Untranslated message within 'vi': Bằng Vũ
2014-07-06T09:27:37+00:00 NOTICE (5): Untranslated message within 'vi': Anh Cường Hoàng
2014-07-06T09:27:37+00:00 NOTICE (5): Untranslated message within 'vi': %s lúc %s
2014-07-06T09:27:37+00:00 NOTICE (5): Untranslated message within 'vi': Bằng Vũ
2014-07-06T09:27:37+00:00 NOTICE (5): Untranslated message within 'vi': Minh Lê 
2014-07-06T09:27:37+00:00 NOTICE (5): Untranslated message within 'vi': %s lúc %s
2014-07-06T09:27:37+00:00 NOTICE (5): Untranslated message within 'vi': Bằng Vũ
2014-07-06T09:27:37+00:00 NOTICE (5): Untranslated message within 'vi': Cypress Cao
2014-07-06T09:28:02+00:00 NOTICE (5): Untranslated message within 'vi': 
2014-07-06T09:28:02+00:00 NOTICE (5): Untranslated message within 'vi': 
2014-07-06T09:28:02+00:00 NOTICE (5): Untranslated message within 'vi': 
2014-07-06T09:28:02+00:00 NOTICE (5): Untranslated message within 'vi': 
2014-07-06T09:28:02+00:00 NOTICE (5): Untranslated message within 'vi': 
2014-07-06T09:28:02+00:00 NOTICE (5): Untranslated message within 'vi': 
2014-07-06T09:28:02+00:00 NOTICE (5): Untranslated message within 'vi': pagetitle-event-browse-index
2014-07-06T09:28:02+00:00 NOTICE (5): Untranslated message within 'vi': Mạng du lịch khách sạn Việt Nam
2014-07-06T09:28:02+00:00 NOTICE (5): Untranslated message within 'vi': 
2014-07-06T09:28:03+00:00 NOTICE (5): Untranslated message within 'vi': Sửa trang cá nhân
2014-07-06T09:28:03+00:00 NOTICE (5): Untranslated message within 'vi': Thiết lập chung
2014-07-06T09:28:03+00:00 NOTICE (5): Untranslated message within 'vi': Trợ giúp
2014-07-06T09:28:03+00:00 NOTICE (5): Untranslated message within 'vi': Đăng xuất
2014-07-06T09:28:03+00:00 NOTICE (5): Untranslated message within 'vi': 
2014-07-06T09:28:03+00:00 NOTICE (5): Untranslated message within 'vi': 
2014-07-06T09:28:03+00:00 NOTICE (5): Untranslated message within 'vi': 
2014-07-06T09:28:07+00:00 NOTICE (5): Untranslated message within 'vi': 
2014-07-06T09:28:07+00:00 NOTICE (5): Untranslated message within 'vi': 
2014-07-06T09:28:07+00:00 NOTICE (5): Untranslated message within 'vi': 
2014-07-06T09:28:07+00:00 NOTICE (5): Untranslated message within 'vi': 
2014-07-06T09:28:07+00:00 NOTICE (5): Untranslated message within 'vi': 
2014-07-06T09:28:07+00:00 NOTICE (5): Untranslated message within 'vi': 
2014-07-06T09:28:07+00:00 NOTICE (5): Untranslated message within 'vi': pagetitle-event-browse-index
2014-07-06T09:28:07+00:00 NOTICE (5): Untranslated message within 'vi': Mạng du lịch khách sạn Việt Nam
2014-07-06T09:28:07+00:00 NOTICE (5): Untranslated message within 'vi': 
2014-07-06T09:28:07+00:00 NOTICE (5): Untranslated message within 'vi': Sửa trang cá nhân
2014-07-06T09:28:07+00:00 NOTICE (5): Untranslated message within 'vi': Thiết lập chung
2014-07-06T09:28:07+00:00 NOTICE (5): Untranslated message within 'vi': Trợ giúp
2014-07-06T09:28:07+00:00 NOTICE (5): Untranslated message within 'vi': Đăng xuất
2014-07-06T09:28:07+00:00 NOTICE (5): Untranslated message within 'vi': 
2014-07-06T09:28:07+00:00 NOTICE (5): Untranslated message within 'vi': 
2014-07-06T09:28:07+00:00 NOTICE (5): Untranslated message within 'vi': 
2014-07-06T09:28:13+00:00 NOTICE (5): Untranslated message within 'vi': pagetitle-core-notfound-error
2014-07-06T09:28:13+00:00 NOTICE (5): Untranslated message within 'vi': Mạng du lịch khách sạn Việt Nam
2014-07-06T09:28:13+00:00 NOTICE (5): Untranslated message within 'vi': 
2014-07-06T09:28:13+00:00 NOTICE (5): Untranslated message within 'vi': Sửa trang cá nhân
2014-07-06T09:28:13+00:00 NOTICE (5): Untranslated message within 'vi': Thiết lập chung
2014-07-06T09:28:13+00:00 NOTICE (5): Untranslated message within 'vi': Trợ giúp
2014-07-06T09:28:13+00:00 NOTICE (5): Untranslated message within 'vi': Đăng xuất
2014-07-06T09:28:13+00:00 NOTICE (5): Untranslated message within 'vi': 
2014-07-06T09:28:13+00:00 NOTICE (5): Untranslated message within 'vi': 
2014-07-06T09:28:13+00:00 NOTICE (5): Untranslated message within 'vi': 
2014-07-06T09:49:35+00:00 NOTICE (5): Untranslated message within 'vi': 
2014-07-06T09:49:35+00:00 NOTICE (5): Untranslated message within 'vi': 
2014-07-06T09:49:35+00:00 NOTICE (5): Untranslated message within 'vi': 
2014-07-06T09:49:35+00:00 NOTICE (5): Untranslated message within 'vi': %s bạn chung
2014-07-06T09:49:35+00:00 NOTICE (5): Untranslated message within 'vi': %s bạn chung
2014-07-06T09:49:35+00:00 NOTICE (5): Untranslated message within 'vi': %s bạn chung
2014-07-06T09:49:36+00:00 NOTICE (5): Untranslated message within 'vi': %s lúc %s
2014-07-06T09:49:36+00:00 NOTICE (5): Untranslated message within 'vi': %s lúc %s
2014-07-06T09:49:36+00:00 NOTICE (5): Untranslated message within 'vi': %s lúc %s
2014-07-06T09:49:36+00:00 NOTICE (5): Untranslated message within 'vi': %s lúc %s
2014-07-06T09:49:36+00:00 NOTICE (5): Untranslated message within 'vi': %s lúc %s
2014-07-06T09:49:36+00:00 NOTICE (5): Untranslated message within 'vi': 
2014-07-06T09:49:36+00:00 NOTICE (5): Untranslated message within 'vi': %s lúc %s
2014-07-06T09:49:36+00:00 NOTICE (5): Untranslated message within 'vi': %s lúc %s
2014-07-06T09:49:36+00:00 NOTICE (5): Untranslated message within 'vi': %s lúc %s
2014-07-06T09:49:36+00:00 NOTICE (5): Untranslated message within 'vi': 
2014-07-06T09:49:36+00:00 NOTICE (5): Untranslated message within 'vi': %s lúc %s
2014-07-06T09:49:36+00:00 NOTICE (5): Untranslated message within 'vi': Bằng Vũ
2014-07-06T09:49:36+00:00 NOTICE (5): Untranslated message within 'vi': %s lúc %s
2014-07-06T09:49:36+00:00 NOTICE (5): Untranslated message within 'vi': %s lúc %s
2014-07-06T09:49:36+00:00 NOTICE (5): Untranslated message within 'vi': %s lúc %s
2014-07-06T09:49:36+00:00 NOTICE (5): Untranslated message within 'vi': Võ Ngọc Kim Luân
2014-07-06T09:49:36+00:00 NOTICE (5): Untranslated message within 'vi': %s lúc %s
2014-07-06T09:49:36+00:00 NOTICE (5): Untranslated message within 'vi': Xương Châu
2014-07-06T09:49:36+00:00 NOTICE (5): Untranslated message within 'vi': %s lúc %s
2014-07-06T09:49:36+00:00 NOTICE (5): Untranslated message within 'vi': Minh Quân Võ
2014-07-06T09:49:36+00:00 NOTICE (5): Untranslated message within 'vi': %s lúc %s
2014-07-06T09:49:36+00:00 NOTICE (5): Untranslated message within 'vi': NGỌC NGÔ
2014-07-06T09:49:36+00:00 NOTICE (5): Untranslated message within 'vi': %s lúc %s
2014-07-06T09:49:36+00:00 NOTICE (5): Untranslated message within 'vi': NGỌC NGÔ
2014-07-06T09:49:36+00:00 NOTICE (5): Untranslated message within 'vi': %s lúc %s
2014-07-06T09:49:36+00:00 NOTICE (5): Untranslated message within 'vi': Le Trinh
2014-07-06T09:49:36+00:00 NOTICE (5): Untranslated message within 'vi': %s lúc %s
2014-07-06T09:49:36+00:00 NOTICE (5): Untranslated message within 'vi': Cao Lợi
2014-07-06T09:49:36+00:00 NOTICE (5): Untranslated message within 'vi': %s lúc %s
2014-07-06T09:49:36+00:00 NOTICE (5): Untranslated message within 'vi': Hạnh Nhân
2014-07-06T09:49:36+00:00 NOTICE (5): Untranslated message within 'vi': %s lúc %s
2014-07-06T09:49:36+00:00 NOTICE (5): Untranslated message within 'vi': Hạnh Nhân
2014-07-06T09:49:36+00:00 NOTICE (5): Untranslated message within 'vi': %s lúc %s
2014-07-06T09:49:36+00:00 NOTICE (5): Untranslated message within 'vi': {item:$subject} vừa download cuốn sách {item:$object}
2014-07-06T09:49:36+00:00 NOTICE (5): Untranslated message within 'vi': Quyền Nguyễn Hữu
2014-07-06T09:49:36+00:00 NOTICE (5): Untranslated message within 'vi': Marketing in Travel and Tourism
2014-07-06T09:49:36+00:00 NOTICE (5): Untranslated message within 'vi': %s lúc %s
2014-07-06T09:49:36+00:00 NOTICE (5): Untranslated message within 'vi': {item:$subject} vừa download cuốn sách {item:$object}
2014-07-06T09:49:36+00:00 NOTICE (5): Untranslated message within 'vi': Quyền Nguyễn Hữu
2014-07-06T09:49:36+00:00 NOTICE (5): Untranslated message within 'vi': Hotel Design Magazine Dec 2010
2014-07-06T09:49:36+00:00 NOTICE (5): Untranslated message within 'vi': %s lúc %s
2014-07-06T09:49:36+00:00 NOTICE (5): Untranslated message within 'vi': Thắng Trường
2014-07-06T09:49:36+00:00 NOTICE (5): Untranslated message within 'vi': %s lúc %s
2014-07-06T09:49:36+00:00 NOTICE (5): Untranslated message within 'vi': Trả lời mới về {item:$object} vừa được trả lời bởi {item:$subject} 
2014-07-06T09:49:36+00:00 NOTICE (5): Untranslated message within 'vi': Phân loại "sao" khách sạn
2014-07-06T09:49:36+00:00 NOTICE (5): Untranslated message within 'vi': Hoang Son
2014-07-06T09:49:36+00:00 NOTICE (5): Untranslated message within 'vi': %s lúc %s
2014-07-06T09:49:36+00:00 NOTICE (5): Untranslated message within 'vi': Hoang Son
2014-07-06T09:49:36+00:00 NOTICE (5): Untranslated message within 'vi': %s lúc %s
2014-07-06T09:49:36+00:00 NOTICE (5): Untranslated message within 'vi': %s lúc %s
2014-07-06T09:49:36+00:00 NOTICE (5): Untranslated message within 'vi': nguyễn ngọc
2014-07-06T09:49:36+00:00 NOTICE (5): Untranslated message within 'vi': %s lúc %s
2014-07-06T09:49:36+00:00 NOTICE (5): Untranslated message within 'vi': Hoa Hồng
2014-07-06T09:49:36+00:00 NOTICE (5): Untranslated message within 'vi': %s lúc %s
2014-07-06T09:49:36+00:00 NOTICE (5): Untranslated message within 'vi': Trả lời mới về {item:$object} vừa được trả lời bởi {item:$subject} 
2014-07-06T09:49:36+00:00 NOTICE (5): Untranslated message within 'vi': Phân loại "sao" khách sạn
2014-07-06T09:49:36+00:00 NOTICE (5): Untranslated message within 'vi': the  toan
2014-07-06T09:49:36+00:00 NOTICE (5): Untranslated message within 'vi': %s lúc %s
2014-07-06T09:49:36+00:00 NOTICE (5): Untranslated message within 'vi': Trần Hoài
2014-07-06T09:49:36+00:00 NOTICE (5): Untranslated message within 'vi': %s lúc %s
2014-07-06T09:49:36+00:00 NOTICE (5): Untranslated message within 'vi': Đình Thượng Trần
2014-07-06T09:49:36+00:00 NOTICE (5): Untranslated message within 'vi': %s lúc %s
2014-07-06T09:49:36+00:00 NOTICE (5): Untranslated message within 'vi': Đình Thượng Trần
2014-07-06T09:49:36+00:00 NOTICE (5): Untranslated message within 'vi': %s lúc %s
2014-07-06T09:49:36+00:00 NOTICE (5): Untranslated message within 'vi': Giao Chi
2014-07-06T09:49:36+00:00 NOTICE (5): Untranslated message within 'vi': %s lúc %s
2014-07-06T09:49:36+00:00 NOTICE (5): Untranslated message within 'vi': Son Bờm Cục Thịt
2014-07-06T09:49:36+00:00 NOTICE (5): Untranslated message within 'vi': %s lúc %s
2014-07-06T09:49:36+00:00 NOTICE (5): Untranslated message within 'vi': Pham Lan
2014-07-06T09:49:36+00:00 NOTICE (5): Untranslated message within 'vi': Member Home Page
2014-07-06T09:49:36+00:00 NOTICE (5): Untranslated message within 'vi': This is the home page for members.
2014-07-06T09:49:36+00:00 NOTICE (5): Untranslated message within 'vi': pagetitle-user-home-index
2014-07-06T09:49:36+00:00 NOTICE (5): Untranslated message within 'vi': Mạng du lịch khách sạn Việt Nam
2014-07-06T09:49:36+00:00 NOTICE (5): Untranslated message within 'vi': 
2014-07-06T09:49:37+00:00 NOTICE (5): Untranslated message within 'vi': Sửa trang cá nhân
2014-07-06T09:49:37+00:00 NOTICE (5): Untranslated message within 'vi': Thiết lập chung
2014-07-06T09:49:37+00:00 NOTICE (5): Untranslated message within 'vi': Trợ giúp
2014-07-06T09:49:37+00:00 NOTICE (5): Untranslated message within 'vi': Đăng xuất
2014-07-06T09:49:37+00:00 NOTICE (5): Untranslated message within 'vi': 
2014-07-06T09:49:37+00:00 NOTICE (5): Untranslated message within 'vi': 
2014-07-06T09:49:37+00:00 NOTICE (5): Untranslated message within 'vi': 
2014-07-06T09:49:58+00:00 NOTICE (5): Untranslated message within 'vi': 
2014-07-06T09:49:58+00:00 NOTICE (5): Untranslated message within 'vi': 
2014-07-06T09:49:58+00:00 NOTICE (5): Untranslated message within 'vi': 
2014-07-06T09:49:58+00:00 NOTICE (5): Untranslated message within 'vi': 
2014-07-06T09:49:58+00:00 NOTICE (5): Untranslated message within 'vi': 
2014-07-06T09:49:58+00:00 NOTICE (5): Untranslated message within 'vi': 
2014-07-06T09:49:58+00:00 NOTICE (5): Untranslated message within 'vi': pagetitle-event-browse-index
2014-07-06T09:49:58+00:00 NOTICE (5): Untranslated message within 'vi': Mạng du lịch khách sạn Việt Nam
2014-07-06T09:49:59+00:00 NOTICE (5): Untranslated message within 'vi': 
2014-07-06T09:49:59+00:00 NOTICE (5): Untranslated message within 'vi': Sửa trang cá nhân
2014-07-06T09:49:59+00:00 NOTICE (5): Untranslated message within 'vi': Thiết lập chung
2014-07-06T09:49:59+00:00 NOTICE (5): Untranslated message within 'vi': Trợ giúp
2014-07-06T09:49:59+00:00 NOTICE (5): Untranslated message within 'vi': Đăng xuất
2014-07-06T09:49:59+00:00 NOTICE (5): Untranslated message within 'vi': 
2014-07-06T09:49:59+00:00 NOTICE (5): Untranslated message within 'vi': 
2014-07-06T09:49:59+00:00 NOTICE (5): Untranslated message within 'vi': 
2014-07-06T09:50:03+00:00 NOTICE (5): Untranslated message within 'vi': 
2014-07-06T09:50:03+00:00 NOTICE (5): Untranslated message within 'vi': 
2014-07-06T09:50:03+00:00 NOTICE (5): Untranslated message within 'vi': 
2014-07-06T09:50:03+00:00 NOTICE (5): Untranslated message within 'vi': 
2014-07-06T09:50:03+00:00 NOTICE (5): Untranslated message within 'vi': 
2014-07-06T09:50:03+00:00 NOTICE (5): Untranslated message within 'vi': 
2014-07-06T09:50:03+00:00 NOTICE (5): Untranslated message within 'vi': pagetitle-event-browse-index
2014-07-06T09:50:03+00:00 NOTICE (5): Untranslated message within 'vi': Mạng du lịch khách sạn Việt Nam
2014-07-06T09:50:03+00:00 NOTICE (5): Untranslated message within 'vi': 
2014-07-06T09:50:03+00:00 NOTICE (5): Untranslated message within 'vi': Sửa trang cá nhân
2014-07-06T09:50:03+00:00 NOTICE (5): Untranslated message within 'vi': Thiết lập chung
2014-07-06T09:50:03+00:00 NOTICE (5): Untranslated message within 'vi': Trợ giúp
2014-07-06T09:50:03+00:00 NOTICE (5): Untranslated message within 'vi': Đăng xuất
2014-07-06T09:50:03+00:00 NOTICE (5): Untranslated message within 'vi': 
2014-07-06T09:50:03+00:00 NOTICE (5): Untranslated message within 'vi': 
2014-07-06T09:50:03+00:00 NOTICE (5): Untranslated message within 'vi': 
2014-07-06T09:50:22+00:00 NOTICE (5): Untranslated message within 'vi': pagetitle-core-notfound-error
2014-07-06T09:50:22+00:00 NOTICE (5): Untranslated message within 'vi': Mạng du lịch khách sạn Việt Nam
2014-07-06T09:50:22+00:00 NOTICE (5): Untranslated message within 'vi': 
2014-07-06T09:50:22+00:00 NOTICE (5): Untranslated message within 'vi': Sửa trang cá nhân
2014-07-06T09:50:22+00:00 NOTICE (5): Untranslated message within 'vi': Thiết lập chung
2014-07-06T09:50:22+00:00 NOTICE (5): Untranslated message within 'vi': Trợ giúp
2014-07-06T09:50:22+00:00 NOTICE (5): Untranslated message within 'vi': Đăng xuất
2014-07-06T09:50:22+00:00 NOTICE (5): Untranslated message within 'vi': 
2014-07-06T09:50:22+00:00 NOTICE (5): Untranslated message within 'vi': 
2014-07-06T09:50:22+00:00 NOTICE (5): Untranslated message within 'vi': 
2014-07-06T09:52:50+00:00 NOTICE (5): Untranslated message within 'vi': 
2014-07-06T09:52:50+00:00 NOTICE (5): Untranslated message within 'vi': 
2014-07-06T09:52:50+00:00 NOTICE (5): Untranslated message within 'vi': 
2014-07-06T09:52:50+00:00 NOTICE (5): Untranslated message within 'vi': 
2014-07-06T09:52:50+00:00 NOTICE (5): Untranslated message within 'vi': 
2014-07-06T09:52:50+00:00 NOTICE (5): Untranslated message within 'vi': 
2014-07-06T09:52:50+00:00 NOTICE (5): Untranslated message within 'vi': pagetitle-event-browse-index
2014-07-06T09:52:50+00:00 NOTICE (5): Untranslated message within 'vi': Mạng du lịch khách sạn Việt Nam
2014-07-06T09:52:50+00:00 NOTICE (5): Untranslated message within 'vi': 
2014-07-06T09:52:50+00:00 NOTICE (5): Untranslated message within 'vi': Sửa trang cá nhân
2014-07-06T09:52:50+00:00 NOTICE (5): Untranslated message within 'vi': Thiết lập chung
2014-07-06T09:52:50+00:00 NOTICE (5): Untranslated message within 'vi': Trợ giúp
2014-07-06T09:52:50+00:00 NOTICE (5): Untranslated message within 'vi': Đăng xuất
2014-07-06T09:52:50+00:00 NOTICE (5): Untranslated message within 'vi': 
2014-07-06T09:52:50+00:00 NOTICE (5): Untranslated message within 'vi': 
2014-07-06T09:52:50+00:00 NOTICE (5): Untranslated message within 'vi': 
2014-07-06T09:52:53+00:00 NOTICE (5): Untranslated message within 'vi': pagetitle-core-notfound-error
2014-07-06T09:52:53+00:00 NOTICE (5): Untranslated message within 'vi': Mạng du lịch khách sạn Việt Nam
2014-07-06T09:52:53+00:00 NOTICE (5): Untranslated message within 'vi': 
2014-07-06T09:52:53+00:00 NOTICE (5): Untranslated message within 'vi': Sửa trang cá nhân
2014-07-06T09:52:53+00:00 NOTICE (5): Untranslated message within 'vi': Thiết lập chung
2014-07-06T09:52:53+00:00 NOTICE (5): Untranslated message within 'vi': Trợ giúp
2014-07-06T09:52:53+00:00 NOTICE (5): Untranslated message within 'vi': Đăng xuất
2014-07-06T09:52:53+00:00 NOTICE (5): Untranslated message within 'vi': 
2014-07-06T09:52:53+00:00 NOTICE (5): Untranslated message within 'vi': 
2014-07-06T09:52:53+00:00 NOTICE (5): Untranslated message within 'vi': 
2014-07-06T09:52:59+00:00 NOTICE (5): Untranslated message within 'vi': 
2014-07-06T09:52:59+00:00 NOTICE (5): Untranslated message within 'vi': 
2014-07-06T09:52:59+00:00 NOTICE (5): Untranslated message within 'vi': 
2014-07-06T09:52:59+00:00 NOTICE (5): Untranslated message within 'vi': 
2014-07-06T09:52:59+00:00 NOTICE (5): Untranslated message within 'vi': 
2014-07-06T09:52:59+00:00 NOTICE (5): Untranslated message within 'vi': 
2014-07-06T09:52:59+00:00 NOTICE (5): Untranslated message within 'vi': pagetitle-event-browse-index
2014-07-06T09:52:59+00:00 NOTICE (5): Untranslated message within 'vi': Mạng du lịch khách sạn Việt Nam
2014-07-06T09:52:59+00:00 NOTICE (5): Untranslated message within 'vi': 
2014-07-06T09:52:59+00:00 NOTICE (5): Untranslated message within 'vi': Sửa trang cá nhân
2014-07-06T09:52:59+00:00 NOTICE (5): Untranslated message within 'vi': Thiết lập chung
2014-07-06T09:52:59+00:00 NOTICE (5): Untranslated message within 'vi': Trợ giúp
2014-07-06T09:52:59+00:00 NOTICE (5): Untranslated message within 'vi': Đăng xuất
2014-07-06T09:52:59+00:00 NOTICE (5): Untranslated message within 'vi': 
2014-07-06T09:52:59+00:00 NOTICE (5): Untranslated message within 'vi': 
2014-07-06T09:52:59+00:00 NOTICE (5): Untranslated message within 'vi': 
2014-07-06T09:53:01+00:00 NOTICE (5): Untranslated message within 'vi': pagetitle-core-notfound-error
2014-07-06T09:53:01+00:00 NOTICE (5): Untranslated message within 'vi': Mạng du lịch khách sạn Việt Nam
2014-07-06T09:53:01+00:00 NOTICE (5): Untranslated message within 'vi': 
2014-07-06T09:53:02+00:00 NOTICE (5): Untranslated message within 'vi': Sửa trang cá nhân
2014-07-06T09:53:02+00:00 NOTICE (5): Untranslated message within 'vi': Thiết lập chung
2014-07-06T09:53:02+00:00 NOTICE (5): Untranslated message within 'vi': Trợ giúp
2014-07-06T09:53:02+00:00 NOTICE (5): Untranslated message within 'vi': Đăng xuất
2014-07-06T09:53:02+00:00 NOTICE (5): Untranslated message within 'vi': 
2014-07-06T09:53:02+00:00 NOTICE (5): Untranslated message within 'vi': 
2014-07-06T09:53:02+00:00 NOTICE (5): Untranslated message within 'vi': 
2014-07-06T09:53:19+00:00 NOTICE (5): Untranslated message within 'vi': 
2014-07-06T09:53:19+00:00 NOTICE (5): Untranslated message within 'vi': 
2014-07-06T09:53:19+00:00 NOTICE (5): Untranslated message within 'vi': 
2014-07-06T09:53:19+00:00 NOTICE (5): Untranslated message within 'vi': 
2014-07-06T09:53:19+00:00 NOTICE (5): Untranslated message within 'vi': 
2014-07-06T09:53:19+00:00 NOTICE (5): Untranslated message within 'vi': 
2014-07-06T09:53:19+00:00 NOTICE (5): Untranslated message within 'vi': pagetitle-event-browse-index
2014-07-06T09:53:19+00:00 NOTICE (5): Untranslated message within 'vi': Mạng du lịch khách sạn Việt Nam
2014-07-06T09:53:19+00:00 NOTICE (5): Untranslated message within 'vi': 
2014-07-06T09:53:19+00:00 NOTICE (5): Untranslated message within 'vi': Sửa trang cá nhân
2014-07-06T09:53:19+00:00 NOTICE (5): Untranslated message within 'vi': Thiết lập chung
2014-07-06T09:53:19+00:00 NOTICE (5): Untranslated message within 'vi': Trợ giúp
2014-07-06T09:53:19+00:00 NOTICE (5): Untranslated message within 'vi': Đăng xuất
2014-07-06T09:53:19+00:00 NOTICE (5): Untranslated message within 'vi': 
2014-07-06T09:53:19+00:00 NOTICE (5): Untranslated message within 'vi': 
2014-07-06T09:53:19+00:00 NOTICE (5): Untranslated message within 'vi': 
2014-07-06T09:53:21+00:00 NOTICE (5): Untranslated message within 'vi': pagetitle-core-notfound-error
2014-07-06T09:53:21+00:00 NOTICE (5): Untranslated message within 'vi': Mạng du lịch khách sạn Việt Nam
2014-07-06T09:53:21+00:00 NOTICE (5): Untranslated message within 'vi': 
2014-07-06T09:53:21+00:00 NOTICE (5): Untranslated message within 'vi': Sửa trang cá nhân
2014-07-06T09:53:21+00:00 NOTICE (5): Untranslated message within 'vi': Thiết lập chung
2014-07-06T09:53:21+00:00 NOTICE (5): Untranslated message within 'vi': Trợ giúp
2014-07-06T09:53:21+00:00 NOTICE (5): Untranslated message within 'vi': Đăng xuất
2014-07-06T09:53:21+00:00 NOTICE (5): Untranslated message within 'vi': 
2014-07-06T09:53:21+00:00 NOTICE (5): Untranslated message within 'vi': 
2014-07-06T09:53:21+00:00 NOTICE (5): Untranslated message within 'vi': 
2014-07-06T09:53:28+00:00 NOTICE (5): Untranslated message within 'vi': 
2014-07-06T09:53:28+00:00 NOTICE (5): Untranslated message within 'vi': 
2014-07-06T09:53:28+00:00 NOTICE (5): Untranslated message within 'vi': 
2014-07-06T09:53:28+00:00 NOTICE (5): Untranslated message within 'vi': 
2014-07-06T09:53:28+00:00 NOTICE (5): Untranslated message within 'vi': 
2014-07-06T09:53:28+00:00 NOTICE (5): Untranslated message within 'vi': 
2014-07-06T09:53:28+00:00 NOTICE (5): Untranslated message within 'vi': pagetitle-event-browse-index
2014-07-06T09:53:28+00:00 NOTICE (5): Untranslated message within 'vi': Mạng du lịch khách sạn Việt Nam
2014-07-06T09:53:28+00:00 NOTICE (5): Untranslated message within 'vi': 
2014-07-06T09:53:29+00:00 NOTICE (5): Untranslated message within 'vi': Sửa trang cá nhân
2014-07-06T09:53:29+00:00 NOTICE (5): Untranslated message within 'vi': Thiết lập chung
2014-07-06T09:53:29+00:00 NOTICE (5): Untranslated message within 'vi': Trợ giúp
2014-07-06T09:53:29+00:00 NOTICE (5): Untranslated message within 'vi': Đăng xuất
2014-07-06T09:53:29+00:00 NOTICE (5): Untranslated message within 'vi': 
2014-07-06T09:53:29+00:00 NOTICE (5): Untranslated message within 'vi': 
2014-07-06T09:53:29+00:00 NOTICE (5): Untranslated message within 'vi': 
2014-07-06T09:53:30+00:00 NOTICE (5): Untranslated message within 'vi': pagetitle-core-notfound-error
2014-07-06T09:53:30+00:00 NOTICE (5): Untranslated message within 'vi': Mạng du lịch khách sạn Việt Nam
2014-07-06T09:53:30+00:00 NOTICE (5): Untranslated message within 'vi': 
2014-07-06T09:53:31+00:00 NOTICE (5): Untranslated message within 'vi': Sửa trang cá nhân
2014-07-06T09:53:31+00:00 NOTICE (5): Untranslated message within 'vi': Thiết lập chung
2014-07-06T09:53:31+00:00 NOTICE (5): Untranslated message within 'vi': Trợ giúp
2014-07-06T09:53:31+00:00 NOTICE (5): Untranslated message within 'vi': Đăng xuất
2014-07-06T09:53:31+00:00 NOTICE (5): Untranslated message within 'vi': 
2014-07-06T09:53:31+00:00 NOTICE (5): Untranslated message within 'vi': 
2014-07-06T09:53:31+00:00 NOTICE (5): Untranslated message within 'vi': 
2014-07-06T09:55:43+00:00 NOTICE (5): Untranslated message within 'vi': 
2014-07-06T09:55:43+00:00 NOTICE (5): Untranslated message within 'vi': 
2014-07-06T09:55:43+00:00 NOTICE (5): Untranslated message within 'vi': 
2014-07-06T09:55:43+00:00 NOTICE (5): Untranslated message within 'vi': 
2014-07-06T09:55:43+00:00 NOTICE (5): Untranslated message within 'vi': 
2014-07-06T09:55:43+00:00 NOTICE (5): Untranslated message within 'vi': 
2014-07-06T09:55:43+00:00 NOTICE (5): Untranslated message within 'vi': pagetitle-event-browse-index
2014-07-06T09:55:43+00:00 NOTICE (5): Untranslated message within 'vi': Mạng du lịch khách sạn Việt Nam
2014-07-06T09:55:43+00:00 NOTICE (5): Untranslated message within 'vi': 
2014-07-06T09:55:43+00:00 NOTICE (5): Untranslated message within 'vi': Sửa trang cá nhân
2014-07-06T09:55:43+00:00 NOTICE (5): Untranslated message within 'vi': Thiết lập chung
2014-07-06T09:55:43+00:00 NOTICE (5): Untranslated message within 'vi': Trợ giúp
2014-07-06T09:55:43+00:00 NOTICE (5): Untranslated message within 'vi': Đăng xuất
2014-07-06T09:55:43+00:00 NOTICE (5): Untranslated message within 'vi': 
2014-07-06T09:55:43+00:00 NOTICE (5): Untranslated message within 'vi': 
2014-07-06T09:55:43+00:00 NOTICE (5): Untranslated message within 'vi': 
2014-07-06T09:55:46+00:00 NOTICE (5): Untranslated message within 'vi': pagetitle-core-notfound-error
2014-07-06T09:55:46+00:00 NOTICE (5): Untranslated message within 'vi': Mạng du lịch khách sạn Việt Nam
2014-07-06T09:55:46+00:00 NOTICE (5): Untranslated message within 'vi': 
2014-07-06T09:55:46+00:00 NOTICE (5): Untranslated message within 'vi': Sửa trang cá nhân
2014-07-06T09:55:46+00:00 NOTICE (5): Untranslated message within 'vi': Thiết lập chung
2014-07-06T09:55:46+00:00 NOTICE (5): Untranslated message within 'vi': Trợ giúp
2014-07-06T09:55:46+00:00 NOTICE (5): Untranslated message within 'vi': Đăng xuất
2014-07-06T09:55:46+00:00 NOTICE (5): Untranslated message within 'vi': 
2014-07-06T09:55:46+00:00 NOTICE (5): Untranslated message within 'vi': 
2014-07-06T09:55:46+00:00 NOTICE (5): Untranslated message within 'vi': 
2014-07-06T10:02:28+00:00 NOTICE (5): Untranslated message within 'vi': 
2014-07-06T10:02:28+00:00 NOTICE (5): Untranslated message within 'vi': 
2014-07-06T10:02:28+00:00 NOTICE (5): Untranslated message within 'vi': 
2014-07-06T10:02:28+00:00 NOTICE (5): Untranslated message within 'vi': %s bạn chung
2014-07-06T10:02:28+00:00 NOTICE (5): Untranslated message within 'vi': %s bạn chung
2014-07-06T10:02:28+00:00 NOTICE (5): Untranslated message within 'vi': %s bạn chung
2014-07-06T10:02:29+00:00 NOTICE (5): Untranslated message within 'vi': %s lúc %s
2014-07-06T10:02:29+00:00 NOTICE (5): Untranslated message within 'vi': %s lúc %s
2014-07-06T10:02:29+00:00 NOTICE (5): Untranslated message within 'vi': %s lúc %s
2014-07-06T10:02:29+00:00 NOTICE (5): Untranslated message within 'vi': %s lúc %s
2014-07-06T10:02:29+00:00 NOTICE (5): Untranslated message within 'vi': %s lúc %s
2014-07-06T10:02:29+00:00 NOTICE (5): Untranslated message within 'vi': 
2014-07-06T10:02:29+00:00 NOTICE (5): Untranslated message within 'vi': %s lúc %s
2014-07-06T10:02:29+00:00 NOTICE (5): Untranslated message within 'vi': %s lúc %s
2014-07-06T10:02:29+00:00 NOTICE (5): Untranslated message within 'vi': %s lúc %s
2014-07-06T10:02:29+00:00 NOTICE (5): Untranslated message within 'vi': 
2014-07-06T10:02:29+00:00 NOTICE (5): Untranslated message within 'vi': %s lúc %s
2014-07-06T10:02:29+00:00 NOTICE (5): Untranslated message within 'vi': Bằng Vũ
2014-07-06T10:02:29+00:00 NOTICE (5): Untranslated message within 'vi': %s lúc %s
2014-07-06T10:02:29+00:00 NOTICE (5): Untranslated message within 'vi': %s lúc %s
2014-07-06T10:02:29+00:00 NOTICE (5): Untranslated message within 'vi': %s lúc %s
2014-07-06T10:02:29+00:00 NOTICE (5): Untranslated message within 'vi': Võ Ngọc Kim Luân
2014-07-06T10:02:29+00:00 NOTICE (5): Untranslated message within 'vi': %s lúc %s
2014-07-06T10:02:29+00:00 NOTICE (5): Untranslated message within 'vi': Xương Châu
2014-07-06T10:02:29+00:00 NOTICE (5): Untranslated message within 'vi': %s lúc %s
2014-07-06T10:02:29+00:00 NOTICE (5): Untranslated message within 'vi': Minh Quân Võ
2014-07-06T10:02:29+00:00 NOTICE (5): Untranslated message within 'vi': %s lúc %s
2014-07-06T10:02:29+00:00 NOTICE (5): Untranslated message within 'vi': NGỌC NGÔ
2014-07-06T10:02:29+00:00 NOTICE (5): Untranslated message within 'vi': %s lúc %s
2014-07-06T10:02:29+00:00 NOTICE (5): Untranslated message within 'vi': NGỌC NGÔ
2014-07-06T10:02:29+00:00 NOTICE (5): Untranslated message within 'vi': %s lúc %s
2014-07-06T10:02:29+00:00 NOTICE (5): Untranslated message within 'vi': Le Trinh
2014-07-06T10:02:29+00:00 NOTICE (5): Untranslated message within 'vi': %s lúc %s
2014-07-06T10:02:29+00:00 NOTICE (5): Untranslated message within 'vi': Cao Lợi
2014-07-06T10:02:29+00:00 NOTICE (5): Untranslated message within 'vi': %s lúc %s
2014-07-06T10:02:29+00:00 NOTICE (5): Untranslated message within 'vi': Hạnh Nhân
2014-07-06T10:02:29+00:00 NOTICE (5): Untranslated message within 'vi': %s lúc %s
2014-07-06T10:02:29+00:00 NOTICE (5): Untranslated message within 'vi': Hạnh Nhân
2014-07-06T10:02:29+00:00 NOTICE (5): Untranslated message within 'vi': %s lúc %s
2014-07-06T10:02:29+00:00 NOTICE (5): Untranslated message within 'vi': {item:$subject} vừa download cuốn sách {item:$object}
2014-07-06T10:02:29+00:00 NOTICE (5): Untranslated message within 'vi': Quyền Nguyễn Hữu
2014-07-06T10:02:29+00:00 NOTICE (5): Untranslated message within 'vi': Marketing in Travel and Tourism
2014-07-06T10:02:29+00:00 NOTICE (5): Untranslated message within 'vi': %s lúc %s
2014-07-06T10:02:29+00:00 NOTICE (5): Untranslated message within 'vi': {item:$subject} vừa download cuốn sách {item:$object}
2014-07-06T10:02:29+00:00 NOTICE (5): Untranslated message within 'vi': Quyền Nguyễn Hữu
2014-07-06T10:02:29+00:00 NOTICE (5): Untranslated message within 'vi': Hotel Design Magazine Dec 2010
2014-07-06T10:02:29+00:00 NOTICE (5): Untranslated message within 'vi': %s lúc %s
2014-07-06T10:02:29+00:00 NOTICE (5): Untranslated message within 'vi': Thắng Trường
2014-07-06T10:02:29+00:00 NOTICE (5): Untranslated message within 'vi': %s lúc %s
2014-07-06T10:02:29+00:00 NOTICE (5): Untranslated message within 'vi': Trả lời mới về {item:$object} vừa được trả lời bởi {item:$subject} 
2014-07-06T10:02:29+00:00 NOTICE (5): Untranslated message within 'vi': Phân loại "sao" khách sạn
2014-07-06T10:02:29+00:00 NOTICE (5): Untranslated message within 'vi': Hoang Son
2014-07-06T10:02:29+00:00 NOTICE (5): Untranslated message within 'vi': %s lúc %s
2014-07-06T10:02:29+00:00 NOTICE (5): Untranslated message within 'vi': Hoang Son
2014-07-06T10:02:29+00:00 NOTICE (5): Untranslated message within 'vi': %s lúc %s
2014-07-06T10:02:29+00:00 NOTICE (5): Untranslated message within 'vi': %s lúc %s
2014-07-06T10:02:29+00:00 NOTICE (5): Untranslated message within 'vi': nguyễn ngọc
2014-07-06T10:02:29+00:00 NOTICE (5): Untranslated message within 'vi': %s lúc %s
2014-07-06T10:02:29+00:00 NOTICE (5): Untranslated message within 'vi': Hoa Hồng
2014-07-06T10:02:29+00:00 NOTICE (5): Untranslated message within 'vi': %s lúc %s
2014-07-06T10:02:29+00:00 NOTICE (5): Untranslated message within 'vi': Trả lời mới về {item:$object} vừa được trả lời bởi {item:$subject} 
2014-07-06T10:02:29+00:00 NOTICE (5): Untranslated message within 'vi': Phân loại "sao" khách sạn
2014-07-06T10:02:29+00:00 NOTICE (5): Untranslated message within 'vi': the  toan
2014-07-06T10:02:29+00:00 NOTICE (5): Untranslated message within 'vi': %s lúc %s
2014-07-06T10:02:29+00:00 NOTICE (5): Untranslated message within 'vi': Trần Hoài
2014-07-06T10:02:29+00:00 NOTICE (5): Untranslated message within 'vi': %s lúc %s
2014-07-06T10:02:29+00:00 NOTICE (5): Untranslated message within 'vi': Đình Thượng Trần
2014-07-06T10:02:29+00:00 NOTICE (5): Untranslated message within 'vi': %s lúc %s
2014-07-06T10:02:29+00:00 NOTICE (5): Untranslated message within 'vi': Đình Thượng Trần
2014-07-06T10:02:29+00:00 NOTICE (5): Untranslated message within 'vi': %s lúc %s
2014-07-06T10:02:29+00:00 NOTICE (5): Untranslated message within 'vi': Giao Chi
2014-07-06T10:02:29+00:00 NOTICE (5): Untranslated message within 'vi': %s lúc %s
2014-07-06T10:02:29+00:00 NOTICE (5): Untranslated message within 'vi': Son Bờm Cục Thịt
2014-07-06T10:02:29+00:00 NOTICE (5): Untranslated message within 'vi': %s lúc %s
2014-07-06T10:02:29+00:00 NOTICE (5): Untranslated message within 'vi': Pham Lan
2014-07-06T10:02:29+00:00 NOTICE (5): Untranslated message within 'vi': Member Home Page
2014-07-06T10:02:29+00:00 NOTICE (5): Untranslated message within 'vi': This is the home page for members.
2014-07-06T10:02:29+00:00 NOTICE (5): Untranslated message within 'vi': pagetitle-user-home-index
2014-07-06T10:02:29+00:00 NOTICE (5): Untranslated message within 'vi': Mạng du lịch khách sạn Việt Nam
2014-07-06T10:02:29+00:00 NOTICE (5): Untranslated message within 'vi': 
2014-07-06T10:02:30+00:00 NOTICE (5): Untranslated message within 'vi': Sửa trang cá nhân
2014-07-06T10:02:30+00:00 NOTICE (5): Untranslated message within 'vi': Thiết lập chung
2014-07-06T10:02:30+00:00 NOTICE (5): Untranslated message within 'vi': Trợ giúp
2014-07-06T10:02:30+00:00 NOTICE (5): Untranslated message within 'vi': Đăng xuất
2014-07-06T10:02:30+00:00 NOTICE (5): Untranslated message within 'vi': 
2014-07-06T10:02:30+00:00 NOTICE (5): Untranslated message within 'vi': 
2014-07-06T10:02:30+00:00 NOTICE (5): Untranslated message within 'vi': 
2014-07-06T10:02:35+00:00 NOTICE (5): Untranslated message within 'vi': 
2014-07-06T10:02:35+00:00 NOTICE (5): Untranslated message within 'vi': 
2014-07-06T10:02:35+00:00 NOTICE (5): Untranslated message within 'vi': 
2014-07-06T10:02:35+00:00 NOTICE (5): Untranslated message within 'vi': 
2014-07-06T10:02:35+00:00 NOTICE (5): Untranslated message within 'vi': 
2014-07-06T10:02:35+00:00 NOTICE (5): Untranslated message within 'vi': 
2014-07-06T10:02:35+00:00 NOTICE (5): Untranslated message within 'vi': pagetitle-event-browse-index
2014-07-06T10:02:35+00:00 NOTICE (5): Untranslated message within 'vi': Mạng du lịch khách sạn Việt Nam
2014-07-06T10:02:35+00:00 NOTICE (5): Untranslated message within 'vi': 
2014-07-06T10:02:35+00:00 NOTICE (5): Untranslated message within 'vi': Sửa trang cá nhân
2014-07-06T10:02:35+00:00 NOTICE (5): Untranslated message within 'vi': Thiết lập chung
2014-07-06T10:02:35+00:00 NOTICE (5): Untranslated message within 'vi': Trợ giúp
2014-07-06T10:02:35+00:00 NOTICE (5): Untranslated message within 'vi': Đăng xuất
2014-07-06T10:02:35+00:00 NOTICE (5): Untranslated message within 'vi': 
2014-07-06T10:02:35+00:00 NOTICE (5): Untranslated message within 'vi': 
2014-07-06T10:02:35+00:00 NOTICE (5): Untranslated message within 'vi': 
2014-07-06T10:02:38+00:00 NOTICE (5): Untranslated message within 'vi': 
2014-07-06T10:02:38+00:00 NOTICE (5): Untranslated message within 'vi': 
2014-07-06T10:02:38+00:00 NOTICE (5): Untranslated message within 'vi': 
2014-07-06T10:02:38+00:00 NOTICE (5): Untranslated message within 'vi': 
2014-07-06T10:02:38+00:00 NOTICE (5): Untranslated message within 'vi': 
2014-07-06T10:02:38+00:00 NOTICE (5): Untranslated message within 'vi': 
2014-07-06T10:02:38+00:00 NOTICE (5): Untranslated message within 'vi': pagetitle-event-browse-index
2014-07-06T10:02:38+00:00 NOTICE (5): Untranslated message within 'vi': Mạng du lịch khách sạn Việt Nam
2014-07-06T10:02:38+00:00 NOTICE (5): Untranslated message within 'vi': 
2014-07-06T10:02:38+00:00 NOTICE (5): Untranslated message within 'vi': Sửa trang cá nhân
2014-07-06T10:02:38+00:00 NOTICE (5): Untranslated message within 'vi': Thiết lập chung
2014-07-06T10:02:38+00:00 NOTICE (5): Untranslated message within 'vi': Trợ giúp
2014-07-06T10:02:38+00:00 NOTICE (5): Untranslated message within 'vi': Đăng xuất
2014-07-06T10:02:38+00:00 NOTICE (5): Untranslated message within 'vi': 
2014-07-06T10:02:38+00:00 NOTICE (5): Untranslated message within 'vi': 
2014-07-06T10:02:38+00:00 NOTICE (5): Untranslated message within 'vi': 
2014-07-06T10:02:48+00:00 NOTICE (5): Untranslated message within 'vi': 
2014-07-06T10:02:48+00:00 NOTICE (5): Untranslated message within 'vi': 
2014-07-06T10:02:48+00:00 NOTICE (5): Untranslated message within 'vi': 
2014-07-06T10:02:48+00:00 NOTICE (5): Untranslated message within 'vi': 
2014-07-06T10:02:48+00:00 NOTICE (5): Untranslated message within 'vi': 
2014-07-06T10:02:48+00:00 NOTICE (5): Untranslated message within 'vi': 
2014-07-06T10:02:48+00:00 NOTICE (5): Untranslated message within 'vi': pagetitle-event-browse-index
2014-07-06T10:02:48+00:00 NOTICE (5): Untranslated message within 'vi': Mạng du lịch khách sạn Việt Nam
2014-07-06T10:02:48+00:00 NOTICE (5): Untranslated message within 'vi': 
2014-07-06T10:02:48+00:00 NOTICE (5): Untranslated message within 'vi': Sửa trang cá nhân
2014-07-06T10:02:48+00:00 NOTICE (5): Untranslated message within 'vi': Thiết lập chung
2014-07-06T10:02:48+00:00 NOTICE (5): Untranslated message within 'vi': Trợ giúp
2014-07-06T10:02:48+00:00 NOTICE (5): Untranslated message within 'vi': Đăng xuất
2014-07-06T10:02:48+00:00 NOTICE (5): Untranslated message within 'vi': 
2014-07-06T10:02:48+00:00 NOTICE (5): Untranslated message within 'vi': 
2014-07-06T10:02:49+00:00 NOTICE (5): Untranslated message within 'vi': 
2014-07-06T10:02:54+00:00 NOTICE (5): Untranslated message within 'vi': 
2014-07-06T10:02:54+00:00 NOTICE (5): Untranslated message within 'vi': 
2014-07-06T10:02:54+00:00 NOTICE (5): Untranslated message within 'vi': 
2014-07-06T10:02:54+00:00 NOTICE (5): Untranslated message within 'vi': 
2014-07-06T10:02:54+00:00 NOTICE (5): Untranslated message within 'vi': 
2014-07-06T10:02:54+00:00 NOTICE (5): Untranslated message within 'vi': 
2014-07-06T10:02:54+00:00 NOTICE (5): Untranslated message within 'vi': pagetitle-event-browse-index
2014-07-06T10:02:54+00:00 NOTICE (5): Untranslated message within 'vi': Mạng du lịch khách sạn Việt Nam
2014-07-06T10:02:54+00:00 NOTICE (5): Untranslated message within 'vi': 
2014-07-06T10:02:54+00:00 NOTICE (5): Untranslated message within 'vi': Sửa trang cá nhân
2014-07-06T10:02:54+00:00 NOTICE (5): Untranslated message within 'vi': Thiết lập chung
2014-07-06T10:02:54+00:00 NOTICE (5): Untranslated message within 'vi': Trợ giúp
2014-07-06T10:02:54+00:00 NOTICE (5): Untranslated message within 'vi': Đăng xuất
2014-07-06T10:02:54+00:00 NOTICE (5): Untranslated message within 'vi': 
2014-07-06T10:02:54+00:00 NOTICE (5): Untranslated message within 'vi': 
2014-07-06T10:02:54+00:00 NOTICE (5): Untranslated message within 'vi': 
2014-07-06T10:03:00+00:00 NOTICE (5): Untranslated message within 'vi': 
2014-07-06T10:03:00+00:00 NOTICE (5): Untranslated message within 'vi': 
2014-07-06T10:03:00+00:00 NOTICE (5): Untranslated message within 'vi': 
2014-07-06T10:03:00+00:00 NOTICE (5): Untranslated message within 'vi': 
2014-07-06T10:03:00+00:00 NOTICE (5): Untranslated message within 'vi': 
2014-07-06T10:03:00+00:00 NOTICE (5): Untranslated message within 'vi': 
2014-07-06T10:03:00+00:00 NOTICE (5): Untranslated message within 'vi': pagetitle-event-browse-index
2014-07-06T10:03:00+00:00 NOTICE (5): Untranslated message within 'vi': Mạng du lịch khách sạn Việt Nam
2014-07-06T10:03:00+00:00 NOTICE (5): Untranslated message within 'vi': 
2014-07-06T10:03:00+00:00 NOTICE (5): Untranslated message within 'vi': Sửa trang cá nhân
2014-07-06T10:03:00+00:00 NOTICE (5): Untranslated message within 'vi': Thiết lập chung
2014-07-06T10:03:00+00:00 NOTICE (5): Untranslated message within 'vi': Trợ giúp
2014-07-06T10:03:00+00:00 NOTICE (5): Untranslated message within 'vi': Đăng xuất
2014-07-06T10:03:00+00:00 NOTICE (5): Untranslated message within 'vi': 
2014-07-06T10:03:00+00:00 NOTICE (5): Untranslated message within 'vi': 
2014-07-06T10:03:00+00:00 NOTICE (5): Untranslated message within 'vi': 
2014-07-06T10:03:06+00:00 NOTICE (5): Untranslated message within 'vi': 
2014-07-06T10:03:06+00:00 NOTICE (5): Untranslated message within 'vi': 
2014-07-06T10:03:07+00:00 NOTICE (5): Untranslated message within 'vi': 
2014-07-06T10:03:07+00:00 NOTICE (5): Untranslated message within 'vi': 
2014-07-06T10:03:07+00:00 NOTICE (5): Untranslated message within 'vi': 
2014-07-06T10:03:07+00:00 NOTICE (5): Untranslated message within 'vi': 
2014-07-06T10:03:07+00:00 NOTICE (5): Untranslated message within 'vi': pagetitle-event-browse-index
2014-07-06T10:03:07+00:00 NOTICE (5): Untranslated message within 'vi': Mạng du lịch khách sạn Việt Nam
2014-07-06T10:03:07+00:00 NOTICE (5): Untranslated message within 'vi': 
2014-07-06T10:03:07+00:00 NOTICE (5): Untranslated message within 'vi': Sửa trang cá nhân
2014-07-06T10:03:07+00:00 NOTICE (5): Untranslated message within 'vi': Thiết lập chung
2014-07-06T10:03:07+00:00 NOTICE (5): Untranslated message within 'vi': Trợ giúp
2014-07-06T10:03:07+00:00 NOTICE (5): Untranslated message within 'vi': Đăng xuất
2014-07-06T10:03:07+00:00 NOTICE (5): Untranslated message within 'vi': 
2014-07-06T10:03:07+00:00 NOTICE (5): Untranslated message within 'vi': 
2014-07-06T10:03:07+00:00 NOTICE (5): Untranslated message within 'vi': 
2014-07-06T10:03:11+00:00 NOTICE (5): Untranslated message within 'vi': 
2014-07-06T10:03:11+00:00 NOTICE (5): Untranslated message within 'vi': 
2014-07-06T10:03:11+00:00 NOTICE (5): Untranslated message within 'vi': 
2014-07-06T10:03:11+00:00 NOTICE (5): Untranslated message within 'vi': 
2014-07-06T10:03:11+00:00 NOTICE (5): Untranslated message within 'vi': 
2014-07-06T10:03:11+00:00 NOTICE (5): Untranslated message within 'vi': 
2014-07-06T10:03:11+00:00 NOTICE (5): Untranslated message within 'vi': pagetitle-event-browse-index
2014-07-06T10:03:11+00:00 NOTICE (5): Untranslated message within 'vi': Mạng du lịch khách sạn Việt Nam
2014-07-06T10:03:11+00:00 NOTICE (5): Untranslated message within 'vi': 
2014-07-06T10:03:11+00:00 NOTICE (5): Untranslated message within 'vi': Sửa trang cá nhân
2014-07-06T10:03:11+00:00 NOTICE (5): Untranslated message within 'vi': Thiết lập chung
2014-07-06T10:03:11+00:00 NOTICE (5): Untranslated message within 'vi': Trợ giúp
2014-07-06T10:03:11+00:00 NOTICE (5): Untranslated message within 'vi': Đăng xuất
2014-07-06T10:03:11+00:00 NOTICE (5): Untranslated message within 'vi': 
2014-07-06T10:03:11+00:00 NOTICE (5): Untranslated message within 'vi': 
2014-07-06T10:03:12+00:00 NOTICE (5): Untranslated message within 'vi': 
2014-07-06T10:03:18+00:00 NOTICE (5): Untranslated message within 'vi': 
2014-07-06T10:03:18+00:00 NOTICE (5): Untranslated message within 'vi': 
2014-07-06T10:03:18+00:00 NOTICE (5): Untranslated message within 'vi': 
2014-07-06T10:03:18+00:00 NOTICE (5): Untranslated message within 'vi': 
2014-07-06T10:03:18+00:00 NOTICE (5): Untranslated message within 'vi': 
2014-07-06T10:03:18+00:00 NOTICE (5): Untranslated message within 'vi': 
2014-07-06T10:03:18+00:00 NOTICE (5): Untranslated message within 'vi': pagetitle-event-browse-index
2014-07-06T10:03:18+00:00 NOTICE (5): Untranslated message within 'vi': Mạng du lịch khách sạn Việt Nam
2014-07-06T10:03:18+00:00 NOTICE (5): Untranslated message within 'vi': 
2014-07-06T10:03:18+00:00 NOTICE (5): Untranslated message within 'vi': Sửa trang cá nhân
2014-07-06T10:03:18+00:00 NOTICE (5): Untranslated message within 'vi': Thiết lập chung
2014-07-06T10:03:18+00:00 NOTICE (5): Untranslated message within 'vi': Trợ giúp
2014-07-06T10:03:18+00:00 NOTICE (5): Untranslated message within 'vi': Đăng xuất
2014-07-06T10:03:18+00:00 NOTICE (5): Untranslated message within 'vi': 
2014-07-06T10:03:18+00:00 NOTICE (5): Untranslated message within 'vi': 
2014-07-06T10:03:18+00:00 NOTICE (5): Untranslated message within 'vi': 
2014-07-06T10:04:27+00:00 NOTICE (5): Untranslated message within 'vi': 
2014-07-06T10:04:27+00:00 NOTICE (5): Untranslated message within 'vi': 
2014-07-06T10:04:27+00:00 NOTICE (5): Untranslated message within 'vi': 
2014-07-06T10:04:27+00:00 NOTICE (5): Untranslated message within 'vi': 
2014-07-06T10:04:27+00:00 NOTICE (5): Untranslated message within 'vi': 
2014-07-06T10:04:27+00:00 NOTICE (5): Untranslated message within 'vi': 
2014-07-06T10:04:27+00:00 NOTICE (5): Untranslated message within 'vi': pagetitle-event-browse-index
2014-07-06T10:04:27+00:00 NOTICE (5): Untranslated message within 'vi': Mạng du lịch khách sạn Việt Nam
2014-07-06T10:04:27+00:00 NOTICE (5): Untranslated message within 'vi': 
2014-07-06T10:04:27+00:00 NOTICE (5): Untranslated message within 'vi': Sửa trang cá nhân
2014-07-06T10:04:27+00:00 NOTICE (5): Untranslated message within 'vi': Thiết lập chung
2014-07-06T10:04:27+00:00 NOTICE (5): Untranslated message within 'vi': Trợ giúp
2014-07-06T10:04:27+00:00 NOTICE (5): Untranslated message within 'vi': Đăng xuất
2014-07-06T10:04:27+00:00 NOTICE (5): Untranslated message within 'vi': 
2014-07-06T10:04:27+00:00 NOTICE (5): Untranslated message within 'vi': 
2014-07-06T10:04:27+00:00 NOTICE (5): Untranslated message within 'vi': 
